#
# There is insufficient memory for the Java Runtime Environment to continue.
# Native memory allocation (mmap) failed to map 100663296 bytes for committing reserved memory.
# Possible reasons:
#   The system is out of physical RAM or swap space
#   The process is running with CompressedOops enabled, and the Java Heap may be blocking the growth of the native heap
# Possible solutions:
#   Reduce memory load on the system
#   Increase physical memory or swap space
#   Check if swap backing store is full
#   Decrease Java heap size (-Xmx/-Xms)
#   Decrease number of Java threads
#   Decrease Java thread stack sizes (-Xss)
#   Set larger code cache with -XX:ReservedCodeCacheSize=
#   JVM is running with Unscaled Compressed Oops mode in which the Java heap is
#     placed in the first 4GB address space. The Java Heap base address is the
#     maximum limit for the native heap growth. Please use -XX:HeapBaseMinAddress
#     to set the Java Heap base and to place the Java Heap above 4GB virtual address.
# This output file may be truncated or incomplete.
#
#  Out of Memory Error (os_linux.cpp:2753), pid=25789, tid=0x00007fd95bafa700
#
# JRE version: OpenJDK Runtime Environment (8.0_202) (build 1.8.0_202-release-1483-b49-5587405)
# Java VM: OpenJDK 64-Bit Server VM (25.202-b49-5587405 mixed mode linux-amd64 compressed oops)
# Failed to write core dump. Core dumps have been disabled. To enable core dumping, try "ulimit -c unlimited" before starting Java again
#

---------------  T H R E A D  ---------------

Current thread (0x00007fd970078800):  VMThread [stack: 0x00007fd95b9fa000,0x00007fd95bafb000] [id=25797]

Stack: [0x00007fd95b9fa000,0x00007fd95bafb000],  sp=0x00007fd95baf9570,  free space=1021k
Native frames: (J=compiled Java code, j=interpreted, Vv=VM code, C=native code)
V  [libjvm.so+0xa08b78]  VMError::report_and_die()+0x148
V  [libjvm.so+0x4d412a]  report_vm_out_of_memory(char const*, int, unsigned long, VMErrorType, char const*)+0x8a
V  [libjvm.so+0x870478]  os::pd_commit_memory(char*, unsigned long, unsigned long, bool)+0xd8
V  [libjvm.so+0x867f9f]  os::commit_memory(char*, unsigned long, unsigned long, bool)+0x1f
V  [libjvm.so+0x8e14eb]  PSVirtualSpace::expand_by(unsigned long)+0x5b
V  [libjvm.so+0x8e2140]  PSYoungGen::resize_generation(unsigned long, unsigned long)+0xb0
V  [libjvm.so+0x8e245b]  PSYoungGen::resize(unsigned long, unsigned long)+0x1b
V  [libjvm.so+0x8deb8e]  PSScavenge::invoke_no_policy()+0xdce
V  [libjvm.so+0x8df348]  PSScavenge::invoke()+0x38
V  [libjvm.so+0x893763]  ParallelScavengeHeap::failed_mem_allocate(unsigned long)+0x63
V  [libjvm.so+0xa0a644]  VM_ParallelGCFailedAllocation::doit()+0x84
V  [libjvm.so+0xa0ea17]  VM_Operation::evaluate()+0x47
V  [libjvm.so+0xa0d498]  VMThread::evaluate_operation(VM_Operation*)+0x218
V  [libjvm.so+0xa0d8d1]  VMThread::loop()+0x1f1
V  [libjvm.so+0xa0dd02]  VMThread::run()+0x72
V  [libjvm.so+0x86d652]  java_start(Thread*)+0xf2

VM_Operation (0x00007fd9591c3810): ParallelGCFailedAllocation, mode: safepoint, requested by thread 0x00007fd90c008000


---------------  P R O C E S S  ---------------

Java Threads: ( => current thread )
  0x00007fd909195000 JavaThread "Cache worker for execution history cache (/home/lenovo/.gradle/caches/5.4.1/executionHistory)" [_thread_blocked, id=25853, stack(0x00007fd9541b5000,0x00007fd9542b6000)]
  0x00007fd909061800 JavaThread "Cache worker for cache directory md-rule (/home/lenovo/.gradle/caches/5.4.1/md-rule)" [_thread_blocked, id=25852, stack(0x00007fd9542b6000,0x00007fd9543b7000)]
  0x00007fd909017000 JavaThread "Cache worker for cache directory md-supplier (/home/lenovo/.gradle/caches/5.4.1/md-supplier)" [_thread_blocked, id=25851, stack(0x00007fd9543b7000,0x00007fd9544b8000)]
  0x00007fd908a0a800 JavaThread "Cache worker for file hash cache (/home/lenovo/StudioProjects/nikola-android-driver-base/.gradle/5.4.1/fileHashes)" [_thread_blocked, id=25836, stack(0x00007fd95524d000,0x00007fd95534e000)]
  0x00007fd908110000 JavaThread "Cache worker for journal cache (/home/lenovo/.gradle/caches/journal-1)" [_thread_blocked, id=25830, stack(0x00007fd9557fa000,0x00007fd9558fb000)]
  0x00007fd908103800 JavaThread "File lock request listener" [_thread_in_native, id=25829, stack(0x00007fd9558fb000,0x00007fd9559fc000)]
  0x00007fd9080ff800 JavaThread "Cache worker for file hash cache (/home/lenovo/.gradle/caches/5.4.1/fileHashes)" [_thread_blocked, id=25828, stack(0x00007fd9559fc000,0x00007fd955afd000)]
  0x00007fd908017000 JavaThread "Thread-9" [_thread_blocked, id=25823, stack(0x00007fd955cfd000,0x00007fd955dfe000)]
  0x00007fd90800e800 JavaThread "Stdin handler" [_thread_blocked, id=25822, stack(0x00007fd955dfe000,0x00007fd955eff000)]
  0x00007fd90800c800 JavaThread "Asynchronous log dispatcher for DefaultDaemonConnection: socket connection from /127.0.0.1:38537 to /127.0.0.1:36100" [_thread_blocked, id=25821, stack(0x00007fd955eff000,0x00007fd956000000)]
  0x00007fd90c008000 JavaThread "Daemon worker" [_thread_blocked, id=25818, stack(0x00007fd9590d0000,0x00007fd9591d1000)]
  0x00007fd90c006000 JavaThread "Cancel handler" [_thread_blocked, id=25817, stack(0x00007fd9591d1000,0x00007fd9592d2000)]
  0x00007fd90c003800 JavaThread "Handler for socket connection from /127.0.0.1:38537 to /127.0.0.1:36100" [_thread_in_native, id=25816, stack(0x00007fd9592d2000,0x00007fd9593d3000)]
  0x00007fd91402b000 JavaThread "Daemon" [_thread_blocked, id=25815, stack(0x00007fd9593d3000,0x00007fd9594d4000)]
  0x00007fd97027a800 JavaThread "Daemon periodic checks" [_thread_blocked, id=25814, stack(0x00007fd9594d4000,0x00007fd9595d5000)]
  0x00007fd9703b5800 JavaThread "Incoming local TCP Connector on port 38537" [_thread_in_native, id=25813, stack(0x00007fd9595dc000,0x00007fd9596dd000)]
  0x00007fd971110000 JavaThread "Daemon health stats" [_thread_blocked, id=25812, stack(0x00007fd9598e1000,0x00007fd9599e2000)]
  0x00007fd9700d2800 JavaThread "Service Thread" daemon [_thread_blocked, id=25804, stack(0x00007fd95a934000,0x00007fd95aa35000)]
  0x00007fd9700bd800 JavaThread "C1 CompilerThread2" daemon [_thread_blocked, id=25803, stack(0x00007fd95aa35000,0x00007fd95ab36000)]
  0x00007fd9700bb800 JavaThread "C2 CompilerThread1" daemon [_thread_in_native, id=25802, stack(0x00007fd95ab36000,0x00007fd95ac37000)]
  0x00007fd9700b8800 JavaThread "C2 CompilerThread0" daemon [_thread_blocked, id=25801, stack(0x00007fd95ac37000,0x00007fd95ad38000)]
  0x00007fd9700b7000 JavaThread "Signal Dispatcher" daemon [_thread_blocked, id=25800, stack(0x00007fd95ad38000,0x00007fd95ae39000)]
  0x00007fd970084800 JavaThread "Finalizer" daemon [_thread_blocked, id=25799, stack(0x00007fd95b7f8000,0x00007fd95b8f9000)]
  0x00007fd970082000 JavaThread "Reference Handler" daemon [_thread_blocked, id=25798, stack(0x00007fd95b8f9000,0x00007fd95b9fa000)]
  0x00007fd97000b000 JavaThread "main" [_thread_blocked, id=25792, stack(0x00007fd977994000,0x00007fd977a95000)]

Other Threads:
=>0x00007fd970078800 VMThread [stack: 0x00007fd95b9fa000,0x00007fd95bafb000] [id=25797]
  0x00007fd9700e5000 WatcherThread [stack: 0x00007fd95a833000,0x00007fd95a934000] [id=25805]

VM state:at safepoint (normal execution)

VM Mutex/Monitor currently owned by a thread:  ([mutex/lock_event])
[0x00007fd970007110] Threads_lock - owner thread: 0x00007fd970078800
[0x00007fd970007610] Heap_lock - owner thread: 0x00007fd90c008000

heap address: 0x00000000a0000000, size: 1536 MB, Compressed Oops mode: 32-bit
Narrow klass base: 0x0000000000000000, Narrow klass shift: 3
Compressed class space size: 1073741824 Address: 0x0000000100000000

Heap:
 PSYoungGen      total 128000K, used 5120K [0x00000000e0000000, 0x00000000e8200000, 0x0000000100000000)
  eden space 122880K, 0% used [0x00000000e0000000,0x00000000e0000000,0x00000000e7800000)
  from space 5120K, 100% used [0x00000000e7800000,0x00000000e7d00000,0x00000000e7d00000)
  to   space 5120K, 0% used [0x00000000e7d00000,0x00000000e7d00000,0x00000000e8200000)
 ParOldGen       total 61952K, used 19948K [0x00000000a0000000, 0x00000000a3c80000, 0x00000000e0000000)
  object space 61952K, 32% used [0x00000000a0000000,0x00000000a137b008,0x00000000a3c80000)
 Metaspace       used 31333K, capacity 31898K, committed 32000K, reserved 1077248K
  class space    used 4397K, capacity 4592K, committed 4608K, reserved 1048576K

Card table byte_map: [0x00007fd974f73000,0x00007fd975274000] byte_map_base: 0x00007fd974a73000

Marking Bits: (ParMarkBitMap*) 0x00007fd977090920
 Begin Bits: [0x00007fd956000000, 0x00007fd957800000)
 End Bits:   [0x00007fd957800000, 0x00007fd959000000)

Polling page: 0x00007fd977abf000

CodeCache: size=245760Kb used=9273Kb max_used=9281Kb free=236486Kb
 bounds [0x00007fd961000000, 0x00007fd961920000, 0x00007fd970000000]
 total_blobs=3075 nmethods=2409 adapters=580
 compilation: enabled

Compilation events (10 events):
Event: 5.675 Thread 0x00007fd9700b8800 nmethod 2400 0x00007fd96190e010 code [0x00007fd96190e1a0, 0x00007fd96190edd8]
Event: 5.675 Thread 0x00007fd9700b8800 2396       4       org.codehaus.groovy.util.FastArray::add (71 bytes)
Event: 5.678 Thread 0x00007fd9700b8800 nmethod 2396 0x00007fd961912450 code [0x00007fd9619125c0, 0x00007fd961912878]
Event: 5.680 Thread 0x00007fd9700bd800 2417       3       java.io.ObjectStreamClass::isExternalizable (9 bytes)
Event: 5.700 Thread 0x00007fd9700bd800 nmethod 2417 0x00007fd96190da50 code [0x00007fd96190dbe0, 0x00007fd96190dea8]
Event: 5.700 Thread 0x00007fd9700bd800 2418       3       java.io.ObjectStreamClass::getClassDataLayout (20 bytes)
Event: 5.700 Thread 0x00007fd9700bd800 nmethod 2418 0x00007fd96190d590 code [0x00007fd96190d700, 0x00007fd96190d908]
Event: 5.807 Thread 0x00007fd9700b8800 2419       4       sun.misc.ProxyGenerator$ConstantPool::getIndirect (67 bytes)
Event: 5.823 Thread 0x00007fd9700bd800 2420       3       org.gradle.internal.instantiation.AbstractClassGenerator$GeneratedClassImpl$GeneratedConstructorImpl::getParameterTypes (8 bytes)
Event: 5.827 Thread 0x00007fd9700bd800 nmethod 2420 0x00007fd961915210 code [0x00007fd9619153a0, 0x00007fd961915788]

GC Heap History (10 events):
Event: 0.600 GC heap after
Heap after GC invocations=1 (full 0):
 PSYoungGen      total 35840K, used 4136K [0x00000000e0000000, 0x00000000e4600000, 0x0000000100000000)
  eden space 30720K, 0% used [0x00000000e0000000,0x00000000e0000000,0x00000000e1e00000)
  from space 5120K, 80% used [0x00000000e1e00000,0x00000000e220a1a8,0x00000000e2300000)
  to   space 5120K, 0% used [0x00000000e4100000,0x00000000e4100000,0x00000000e4600000)
 ParOldGen       total 81920K, used 8K [0x00000000a0000000, 0x00000000a5000000, 0x00000000e0000000)
  object space 81920K, 0% used [0x00000000a0000000,0x00000000a0002000,0x00000000a5000000)
 Metaspace       used 6832K, capacity 7024K, committed 7296K, reserved 1056768K
  class space    used 841K, capacity 876K, committed 896K, reserved 1048576K
}
Event: 0.922 GC heap before
{Heap before GC invocations=2 (full 0):
 PSYoungGen      total 35840K, used 34856K [0x00000000e0000000, 0x00000000e4600000, 0x0000000100000000)
  eden space 30720K, 100% used [0x00000000e0000000,0x00000000e1e00000,0x00000000e1e00000)
  from space 5120K, 80% used [0x00000000e1e00000,0x00000000e220a1a8,0x00000000e2300000)
  to   space 5120K, 0% used [0x00000000e4100000,0x00000000e4100000,0x00000000e4600000)
 ParOldGen       total 81920K, used 8K [0x00000000a0000000, 0x00000000a5000000, 0x00000000e0000000)
  object space 81920K, 0% used [0x00000000a0000000,0x00000000a0002000,0x00000000a5000000)
 Metaspace       used 8540K, capacity 8746K, committed 8960K, reserved 1056768K
  class space    used 1110K, capacity 1173K, committed 1280K, reserved 1048576K
Event: 0.927 GC heap after
Heap after GC invocations=2 (full 0):
 PSYoungGen      total 66560K, used 4225K [0x00000000e0000000, 0x00000000e4600000, 0x0000000100000000)
  eden space 61440K, 0% used [0x00000000e0000000,0x00000000e0000000,0x00000000e3c00000)
  from space 5120K, 82% used [0x00000000e4100000,0x00000000e4520588,0x00000000e4600000)
  to   space 5120K, 0% used [0x00000000e3c00000,0x00000000e3c00000,0x00000000e4100000)
 ParOldGen       total 81920K, used 24K [0x00000000a0000000, 0x00000000a5000000, 0x00000000e0000000)
  object space 81920K, 0% used [0x00000000a0000000,0x00000000a0006000,0x00000000a5000000)
 Metaspace       used 8540K, capacity 8746K, committed 8960K, reserved 1056768K
  class space    used 1110K, capacity 1173K, committed 1280K, reserved 1048576K
}
Event: 1.813 GC heap before
{Heap before GC invocations=3 (full 0):
 PSYoungGen      total 66560K, used 65665K [0x00000000e0000000, 0x00000000e4600000, 0x0000000100000000)
  eden space 61440K, 100% used [0x00000000e0000000,0x00000000e3c00000,0x00000000e3c00000)
  from space 5120K, 82% used [0x00000000e4100000,0x00000000e4520588,0x00000000e4600000)
  to   space 5120K, 0% used [0x00000000e3c00000,0x00000000e3c00000,0x00000000e4100000)
 ParOldGen       total 81920K, used 24K [0x00000000a0000000, 0x00000000a5000000, 0x00000000e0000000)
  object space 81920K, 0% used [0x00000000a0000000,0x00000000a0006000,0x00000000a5000000)
 Metaspace       used 15119K, capacity 15502K, committed 15616K, reserved 1062912K
  class space    used 2154K, capacity 2295K, committed 2304K, reserved 1048576K
Event: 1.859 GC heap after
Heap after GC invocations=3 (full 0):
 PSYoungGen      total 66560K, used 5088K [0x00000000e0000000, 0x00000000e8200000, 0x0000000100000000)
  eden space 61440K, 0% used [0x00000000e0000000,0x00000000e0000000,0x00000000e3c00000)
  from space 5120K, 99% used [0x00000000e3c00000,0x00000000e40f8050,0x00000000e4100000)
  to   space 5120K, 0% used [0x00000000e7d00000,0x00000000e7d00000,0x00000000e8200000)
 ParOldGen       total 81920K, used 4714K [0x00000000a0000000, 0x00000000a5000000, 0x00000000e0000000)
  object space 81920K, 5% used [0x00000000a0000000,0x00000000a049a910,0x00000000a5000000)
 Metaspace       used 15119K, capacity 15502K, committed 15616K, reserved 1062912K
  class space    used 2154K, capacity 2295K, committed 2304K, reserved 1048576K
}
Event: 2.952 GC heap before
{Heap before GC invocations=4 (full 0):
 PSYoungGen      total 66560K, used 61651K [0x00000000e0000000, 0x00000000e8200000, 0x0000000100000000)
  eden space 61440K, 92% used [0x00000000e0000000,0x00000000e373cd28,0x00000000e3c00000)
  from space 5120K, 99% used [0x00000000e3c00000,0x00000000e40f8050,0x00000000e4100000)
  to   space 5120K, 0% used [0x00000000e7d00000,0x00000000e7d00000,0x00000000e8200000)
 ParOldGen       total 81920K, used 4714K [0x00000000a0000000, 0x00000000a5000000, 0x00000000e0000000)
  object space 81920K, 5% used [0x00000000a0000000,0x00000000a049a910,0x00000000a5000000)
 Metaspace       used 20732K, capacity 21174K, committed 21296K, reserved 1067008K
  class space    used 2950K, capacity 3124K, committed 3200K, reserved 1048576K
Event: 2.966 GC heap after
Heap after GC invocations=4 (full 0):
 PSYoungGen      total 128000K, used 5093K [0x00000000e0000000, 0x00000000e8200000, 0x0000000100000000)
  eden space 122880K, 0% used [0x00000000e0000000,0x00000000e0000000,0x00000000e7800000)
  from space 5120K, 99% used [0x00000000e7d00000,0x00000000e81f9608,0x00000000e8200000)
  to   space 5120K, 0% used [0x00000000e7800000,0x00000000e7800000,0x00000000e7d00000)
 ParOldGen       total 81920K, used 11582K [0x00000000a0000000, 0x00000000a5000000, 0x00000000e0000000)
  object space 81920K, 14% used [0x00000000a0000000,0x00000000a0b4fa60,0x00000000a5000000)
 Metaspace       used 20732K, capacity 21174K, committed 21296K, reserved 1067008K
  class space    used 2950K, capacity 3124K, committed 3200K, reserved 1048576K
}
Event: 2.966 GC heap before
{Heap before GC invocations=5 (full 1):
 PSYoungGen      total 128000K, used 5093K [0x00000000e0000000, 0x00000000e8200000, 0x0000000100000000)
  eden space 122880K, 0% used [0x00000000e0000000,0x00000000e0000000,0x00000000e7800000)
  from space 5120K, 99% used [0x00000000e7d00000,0x00000000e81f9608,0x00000000e8200000)
  to   space 5120K, 0% used [0x00000000e7800000,0x00000000e7800000,0x00000000e7d00000)
 ParOldGen       total 81920K, used 11582K [0x00000000a0000000, 0x00000000a5000000, 0x00000000e0000000)
  object space 81920K, 14% used [0x00000000a0000000,0x00000000a0b4fa60,0x00000000a5000000)
 Metaspace       used 20732K, capacity 21174K, committed 21296K, reserved 1067008K
  class space    used 2950K, capacity 3124K, committed 3200K, reserved 1048576K
Event: 3.009 GC heap after
Heap after GC invocations=5 (full 1):
 PSYoungGen      total 128000K, used 0K [0x00000000e0000000, 0x00000000e8200000, 0x0000000100000000)
  eden space 122880K, 0% used [0x00000000e0000000,0x00000000e0000000,0x00000000e7800000)
  from space 5120K, 0% used [0x00000000e7d00000,0x00000000e7d00000,0x00000000e8200000)
  to   space 5120K, 0% used [0x00000000e7800000,0x00000000e7800000,0x00000000e7d00000)
 ParOldGen       total 61952K, used 11636K [0x00000000a0000000, 0x00000000a3c80000, 0x00000000e0000000)
  object space 61952K, 18% used [0x00000000a0000000,0x00000000a0b5d278,0x00000000a3c80000)
 Metaspace       used 20732K, capacity 21174K, committed 21296K, reserved 1067008K
  class space    used 2950K, capacity 3124K, committed 3200K, reserved 1048576K
}
Event: 5.870 GC heap before
{Heap before GC invocations=6 (full 1):
 PSYoungGen      total 128000K, used 122880K [0x00000000e0000000, 0x00000000e8200000, 0x0000000100000000)
  eden space 122880K, 100% used [0x00000000e0000000,0x00000000e7800000,0x00000000e7800000)
  from space 5120K, 0% used [0x00000000e7d00000,0x00000000e7d00000,0x00000000e8200000)
  to   space 5120K, 0% used [0x00000000e7800000,0x00000000e7800000,0x00000000e7d00000)
 ParOldGen       total 61952K, used 11636K [0x00000000a0000000, 0x00000000a3c80000, 0x00000000e0000000)
  object space 61952K, 18% used [0x00000000a0000000,0x00000000a0b5d278,0x00000000a3c80000)
 Metaspace       used 31333K, capacity 31898K, committed 32000K, reserved 1077248K
  class space    used 4397K, capacity 4592K, committed 4608K, reserved 1048576K

Deoptimization events (10 events):
Event: 2.759 Thread 0x00007fd90c008000 Uncommon trap: reason=bimorphic action=maybe_recompile pc=0x00007fd9614d8600 method=java.io.BufferedInputStream.read([BII)I @ 101
Event: 3.542 Thread 0x00007fd90c008000 Uncommon trap: reason=unstable_if action=reinterpret pc=0x00007fd96140104c method=java.util.HashMap.hash(Ljava/lang/Object;)I @ 1
Event: 3.658 Thread 0x00007fd90c008000 Uncommon trap: reason=unstable_if action=reinterpret pc=0x00007fd96127cc74 method=java.io.UnixFileSystem.resolve(Ljava/lang/String;Ljava/lang/String;)Ljava/lang/String; @ 18
Event: 3.695 Thread 0x00007fd90c008000 Uncommon trap: reason=unstable_if action=reinterpret pc=0x00007fd9612a9e34 method=java.util.LinkedHashMap.afterNodeInsertion(Z)V @ 1
Event: 5.316 Thread 0x00007fd90c008000 Uncommon trap: reason=unstable_if action=reinterpret pc=0x00007fd9618ce184 method=org.objectweb.asm.Type.appendDescriptor(Ljava/lang/Class;Ljava/lang/StringBuilder;)V @ 6
Event: 5.420 Thread 0x00007fd90c008000 Uncommon trap: reason=unstable_if action=reinterpret pc=0x00007fd96124f6d4 method=java.util.HashMap.getNode(ILjava/lang/Object;)Ljava/util/HashMap$Node; @ 53
Event: 5.424 Thread 0x00007fd90c008000 Uncommon trap: reason=unstable_if action=reinterpret pc=0x00007fd9612f51b0 method=java.util.HashMap.hash(Ljava/lang/Object;)I @ 1
Event: 5.424 Thread 0x00007fd90c008000 Uncommon trap: reason=unstable_if action=reinterpret pc=0x00007fd9613c4d08 method=java.util.HashMap.putVal(ILjava/lang/Object;Ljava/lang/Object;ZZ)Ljava/lang/Object; @ 85
Event: 5.547 Thread 0x00007fd90c008000 Uncommon trap: reason=unstable_if action=reinterpret pc=0x00007fd9618606c0 method=org.codehaus.groovy.runtime.metaclass.MetaMethodIndex.addMethodToList(Ljava/lang/Object;Lgroovy/lang/MetaMethod;)Ljava/lang/Object; @ 226
Event: 5.819 Thread 0x00007fd90c008000 Uncommon trap: reason=unstable_if action=reinterpret pc=0x00007fd96176cdd4 method=java.util.WeakHashMap.put(Ljava/lang/Object;Ljava/lang/Object;)Ljava/lang/Object; @ 72

Classes redefined (0 events):
No events

Internal exceptions (10 events):
Event: 4.905 Thread 0x00007fd90c008000 Exception <a 'java/lang/ClassNotFoundException': org/gradle/initialization/DefaultSettingsBeanInfo> (0x00000000e63de128) thrown at [/usr/local/google/buildbot/src/googleplex-android/openjdk/out/hotspot/src/share/vm/classfile/systemDictionary.cpp, line 210
Event: 4.907 Thread 0x00007fd90c008000 Exception <a 'java/lang/ClassNotFoundException': org/gradle/initialization/DefaultSettingsCustomizer> (0x00000000e6406130) thrown at [/usr/local/google/buildbot/src/googleplex-android/openjdk/out/hotspot/src/share/vm/classfile/systemDictionary.cpp, line 2
Event: 4.919 Thread 0x00007fd90c008000 Exception <a 'java/lang/ClassNotFoundException': org/gradle/initialization/DefaultSettings_DecoratedCustomizer> (0x00000000e646aa30) thrown at [/usr/local/google/buildbot/src/googleplex-android/openjdk/out/hotspot/src/share/vm/classfile/systemDictionary.c
Event: 5.420 Thread 0x00007fd90c008000 Implicit null exception at 0x00007fd9612f5118 to 0x00007fd9612f51a6
Event: 5.554 Thread 0x00007fd90c008000 Exception <a 'java/lang/ClassNotFoundException': org/gradle/api/internal/project/DefaultProject_DecoratedBeanInfo> (0x00000000e74224c0) thrown at [/usr/local/google/buildbot/src/googleplex-android/openjdk/out/hotspot/src/share/vm/classfile/systemDictionar
Event: 5.555 Thread 0x00007fd90c008000 Exception <a 'java/lang/ClassNotFoundException': org/gradle/api/internal/project/DefaultProjectBeanInfo> (0x00000000e743a680) thrown at [/usr/local/google/buildbot/src/googleplex-android/openjdk/out/hotspot/src/share/vm/classfile/systemDictionary.cpp, lin
Event: 5.555 Thread 0x00007fd90c008000 Exception <a 'java/lang/ClassNotFoundException': org/gradle/api/internal/project/DefaultProjectCustomizer> (0x00000000e7453210) thrown at [/usr/local/google/buildbot/src/googleplex-android/openjdk/out/hotspot/src/share/vm/classfile/systemDictionary.cpp, l
Event: 5.567 Thread 0x00007fd90c008000 Exception <a 'java/lang/ClassNotFoundException': org/gradle/api/internal/project/DefaultProject_DecoratedCustomizer> (0x00000000e753a8f0) thrown at [/usr/local/google/buildbot/src/googleplex-android/openjdk/out/hotspot/src/share/vm/classfile/systemDiction
Event: 5.603 Thread 0x00007fd90c008000 Exception <a 'java/lang/ClassNotFoundException': org/gradle/api/internal/plugins/DefaultObjectConfigurationActionBeanInfo> (0x00000000e7642e80) thrown at [/usr/local/google/buildbot/src/googleplex-android/openjdk/out/hotspot/src/share/vm/classfile/systemD
Event: 5.604 Thread 0x00007fd90c008000 Exception <a 'java/lang/ClassNotFoundException': org/gradle/api/internal/plugins/DefaultObjectConfigurationActionCustomizer> (0x00000000e765f940) thrown at [/usr/local/google/buildbot/src/googleplex-android/openjdk/out/hotspot/src/share/vm/classfile/syste

Events (10 events):
Event: 5.843 loading class org/gradle/plugins/ide/internal/tooling/model/LaunchableGradleTask done
Event: 5.848 loading class org/gradle/tooling/internal/protocol/InternalLaunchable
Event: 5.848 loading class org/gradle/tooling/internal/protocol/InternalLaunchable done
Event: 5.851 loading class org/gradle/tooling/internal/gradle/GradleProjectIdentity
Event: 5.851 loading class org/gradle/tooling/internal/gradle/GradleProjectIdentity done
Event: 5.853 loading class org/gradle/tooling/internal/gradle/GradleBuildIdentity
Event: 5.853 loading class org/gradle/tooling/internal/gradle/GradleBuildIdentity done
Event: 5.854 loading class org/gradle/plugins/ide/internal/tooling/model/LaunchableGradleProjectTask
Event: 5.854 loading class org/gradle/plugins/ide/internal/tooling/model/LaunchableGradleProjectTask done
Event: 5.861 Executing VM operation: ParallelGCFailedAllocation


Dynamic libraries:
00400000-00401000 r-xp 00000000 08:01 12192734                           /usr/local/android-studio/jre/bin/java
00401000-00402000 rw-p 00000000 08:01 12192734                           /usr/local/android-studio/jre/bin/java
00cf8000-00d19000 rw-p 00000000 00:00 0                                  [heap]
a0000000-a3c80000 rw-p 00000000 00:00 0 
a3c80000-e0000000 ---p 00000000 00:00 0 
e0000000-e8200000 rw-p 00000000 00:00 0 
ee200000-100000000 ---p 00000000 00:00 0 
100000000-100480000 rw-p 00000000 00:00 0 
100480000-140000000 ---p 00000000 00:00 0 
7fd8dc000000-7fd8dc021000 rw-p 00000000 00:00 0 
7fd8dc021000-7fd8e0000000 ---p 00000000 00:00 0 
7fd8e0000000-7fd8e0021000 rw-p 00000000 00:00 0 
7fd8e0021000-7fd8e4000000 ---p 00000000 00:00 0 
7fd8e4000000-7fd8e4021000 rw-p 00000000 00:00 0 
7fd8e4021000-7fd8e8000000 ---p 00000000 00:00 0 
7fd8e8000000-7fd8e8021000 rw-p 00000000 00:00 0 
7fd8e8021000-7fd8ec000000 ---p 00000000 00:00 0 
7fd8ec000000-7fd8ec021000 rw-p 00000000 00:00 0 
7fd8ec021000-7fd8f0000000 ---p 00000000 00:00 0 
7fd8f0000000-7fd8f0021000 rw-p 00000000 00:00 0 
7fd8f0021000-7fd8f4000000 ---p 00000000 00:00 0 
7fd8f4000000-7fd8f4021000 rw-p 00000000 00:00 0 
7fd8f4021000-7fd8f8000000 ---p 00000000 00:00 0 
7fd8f8000000-7fd8f8021000 rw-p 00000000 00:00 0 
7fd8f8021000-7fd8fc000000 ---p 00000000 00:00 0 
7fd8fc000000-7fd8fc2c2000 rw-p 00000000 00:00 0 
7fd8fc2c2000-7fd900000000 ---p 00000000 00:00 0 
7fd900000000-7fd900021000 rw-p 00000000 00:00 0 
7fd900021000-7fd904000000 ---p 00000000 00:00 0 
7fd904000000-7fd904021000 rw-p 00000000 00:00 0 
7fd904021000-7fd908000000 ---p 00000000 00:00 0 
7fd908000000-7fd9092de000 rw-p 00000000 00:00 0 
7fd9092de000-7fd90c000000 ---p 00000000 00:00 0 
7fd90c000000-7fd90c021000 rw-p 00000000 00:00 0 
7fd90c021000-7fd910000000 ---p 00000000 00:00 0 
7fd910000000-7fd910028000 rw-p 00000000 00:00 0 
7fd910028000-7fd914000000 ---p 00000000 00:00 0 
7fd914000000-7fd914067000 rw-p 00000000 00:00 0 
7fd914067000-7fd918000000 ---p 00000000 00:00 0 
7fd918000000-7fd918021000 rw-p 00000000 00:00 0 
7fd918021000-7fd91c000000 ---p 00000000 00:00 0 
7fd91c000000-7fd91c021000 rw-p 00000000 00:00 0 
7fd91c021000-7fd920000000 ---p 00000000 00:00 0 
7fd920000000-7fd920021000 rw-p 00000000 00:00 0 
7fd920021000-7fd924000000 ---p 00000000 00:00 0 
7fd924bff000-7fd924cbf000 rw-p 00000000 00:00 0 
7fd924cbf000-7fd924dff000 ---p 00000000 00:00 0 
7fd924dff000-7fd924fff000 rw-p 00000000 00:00 0 
7fd924fff000-7fd928000000 rw-p 00000000 00:00 0 
7fd928000000-7fd928889000 rw-p 00000000 00:00 0 
7fd928889000-7fd92c000000 ---p 00000000 00:00 0 
7fd92c000000-7fd92c021000 rw-p 00000000 00:00 0 
7fd92c021000-7fd930000000 ---p 00000000 00:00 0 
7fd930000000-7fd931df7000 rw-p 00000000 00:00 0 
7fd931df7000-7fd934000000 ---p 00000000 00:00 0 
7fd934000000-7fd935e26000 rw-p 00000000 00:00 0 
7fd935e26000-7fd938000000 ---p 00000000 00:00 0 
7fd938000000-7fd938021000 rw-p 00000000 00:00 0 
7fd938021000-7fd93c000000 ---p 00000000 00:00 0 
7fd93c000000-7fd93c021000 rw-p 00000000 00:00 0 
7fd93c021000-7fd940000000 ---p 00000000 00:00 0 
7fd940000000-7fd9402c4000 rw-p 00000000 00:00 0 
7fd9402c4000-7fd944000000 ---p 00000000 00:00 0 
7fd944000000-7fd944021000 rw-p 00000000 00:00 0 
7fd944021000-7fd948000000 ---p 00000000 00:00 0 
7fd948000000-7fd948021000 rw-p 00000000 00:00 0 
7fd948021000-7fd94c000000 ---p 00000000 00:00 0 
7fd94c000000-7fd94c021000 rw-p 00000000 00:00 0 
7fd94c021000-7fd950000000 ---p 00000000 00:00 0 
7fd950000000-7fd95002d000 rw-p 00000000 00:00 0 
7fd95002d000-7fd954000000 ---p 00000000 00:00 0 
7fd9541b5000-7fd9541b8000 ---p 00000000 00:00 0 
7fd9541b8000-7fd9542b6000 rw-p 00000000 00:00 0 
7fd9542b6000-7fd9542b9000 ---p 00000000 00:00 0 
7fd9542b9000-7fd9543b7000 rw-p 00000000 00:00 0 
7fd9543b7000-7fd9543ba000 ---p 00000000 00:00 0 
7fd9543ba000-7fd9546b8000 rw-p 00000000 00:00 0 
7fd9546b8000-7fd9548b8000 rw-p 00000000 00:00 0 
7fd9548b8000-7fd954ab8000 rw-p 00000000 00:00 0 
7fd954ab8000-7fd954cb8000 rw-p 00000000 00:00 0 
7fd954cb8000-7fd954e80000 r--s 032f3000 08:01 13894847                   /home/lenovo/.gradle/caches/jars-3/6270d63c8613739c5e2a72c4b9203a6c/android.jar
7fd954e80000-7fd9550f2000 r--s 01914000 08:01 13894845                   /home/lenovo/.gradle/caches/jars-3/0a28c8704832800a117c175dfe23a0f3/gradle-api-impldep-4.10.3.jar
7fd9550f2000-7fd95524d000 r--s 00bb0000 08:01 13894843                   /home/lenovo/.gradle/caches/jars-3/8c0c682498be444601f9083c4f1918be/gradle-api-4.10.3.jar
7fd95524d000-7fd955250000 ---p 00000000 00:00 0 
7fd955250000-7fd95534e000 rw-p 00000000 00:00 0 
7fd9553d2000-7fd9553fa000 r--s 0210b000 08:01 13894853                   /home/lenovo/.gradle/caches/jars-3/e38dc040d6e4fd07c2aa18e83056c448/sdk-tools.jar
7fd9553fa000-7fd9555fa000 rw-p 00000000 00:00 0 
7fd9555fa000-7fd9557fa000 rw-p 00000000 00:00 0 
7fd9557fa000-7fd9557fd000 ---p 00000000 00:00 0 
7fd9557fd000-7fd9558fb000 rw-p 00000000 00:00 0 
7fd9558fb000-7fd9558fe000 ---p 00000000 00:00 0 
7fd9558fe000-7fd9559fc000 rw-p 00000000 00:00 0 
7fd9559fc000-7fd9559ff000 ---p 00000000 00:00 0 
7fd9559ff000-7fd955cfd000 rw-p 00000000 00:00 0 
7fd955cfd000-7fd955d00000 ---p 00000000 00:00 0 
7fd955d00000-7fd955dfe000 rw-p 00000000 00:00 0 
7fd955dfe000-7fd955e01000 ---p 00000000 00:00 0 
7fd955e01000-7fd955eff000 rw-p 00000000 00:00 0 
7fd955eff000-7fd955f02000 ---p 00000000 00:00 0 
7fd955f02000-7fd959000000 rw-p 00000000 00:00 0 
7fd959007000-7fd959008000 r--s 00000000 08:01 12734570                   /home/lenovo/.gradle/caches/jars-3/497c99dc43ce8fece95d0e589f2459bd/gradle-appengine-builder-model-0.1.0.jar
7fd959008000-7fd95900a000 r--s 00004000 08:01 13894857                   /home/lenovo/.gradle/caches/jars-3/d2b5e8f668be5a3b52b548ceb1ec3e34/kapt3-idea.jar
7fd95900a000-7fd95900b000 r--s 00002000 08:01 12734568                   /home/lenovo/.gradle/caches/jars-3/53bc20af5a23d7a7034d5aad4c49c4c9/kotlin-gradle-plugin-model-1.3.0.jar
7fd95900b000-7fd95900d000 r--s 00010000 08:01 13894855                   /home/lenovo/.gradle/caches/jars-3/45e78b2e0d233d36eda86424ed34e6e3/gradle-tooling-extension-api.jar
7fd95900d000-7fd959020000 r--s 0010e000 08:01 13894851                   /home/lenovo/.gradle/caches/jars-3/c7957d0be38f803bd922ec482762f65f/kotlin-stdlib-1.3.11.jar
7fd959020000-7fd959052000 r--s 0026a000 08:01 12734566                   /home/lenovo/.gradle/caches/jars-3/1292525a786f20744e75964100cf9267/guava-25.1-jre.jar
7fd959052000-7fd959056000 r--s 00089000 08:01 13894849                   /home/lenovo/.gradle/caches/jars-3/0832f46fba485443554d7cb671b5d68e/android-base-common.jar
7fd959056000-7fd9590d0000 r--s 01102000 08:01 12192694                   /usr/local/android-studio/jre/lib/tools.jar
7fd9590d0000-7fd9590d3000 ---p 00000000 00:00 0 
7fd9590d3000-7fd9591d1000 rw-p 00000000 00:00 0 
7fd9591d1000-7fd9591d4000 ---p 00000000 00:00 0 
7fd9591d4000-7fd9592d2000 rw-p 00000000 00:00 0 
7fd9592d2000-7fd9592d5000 ---p 00000000 00:00 0 
7fd9592d5000-7fd9593d3000 rw-p 00000000 00:00 0 
7fd9593d3000-7fd9593d6000 ---p 00000000 00:00 0 
7fd9593d6000-7fd9594d4000 rw-p 00000000 00:00 0 
7fd9594d4000-7fd9594d7000 ---p 00000000 00:00 0 
7fd9594d7000-7fd9595d5000 rw-p 00000000 00:00 0 
7fd9595d5000-7fd9595dc000 r--s 00000000 08:01 11537584                   /usr/lib/x86_64-linux-gnu/gconv/gconv-modules.cache
7fd9595dc000-7fd9595df000 ---p 00000000 00:00 0 
7fd9595df000-7fd9596dd000 rw-p 00000000 00:00 0 
7fd9596dd000-7fd9596e1000 r--s 000a1000 08:01 12192649                   /usr/local/android-studio/jre/jre/lib/jsse.jar
7fd9596e1000-7fd9598e1000 rw-p 00000000 00:00 0 
7fd9598e1000-7fd9598e4000 ---p 00000000 00:00 0 
7fd9598e4000-7fd9599e2000 rw-p 00000000 00:00 0 
7fd9599e2000-7fd9599ea000 r-xp 00000000 08:01 12191096                   /usr/local/android-studio/jre/jre/lib/amd64/libmanagement.so
7fd9599ea000-7fd9599eb000 rw-p 00007000 08:01 12191096                   /usr/local/android-studio/jre/jre/lib/amd64/libmanagement.so
7fd9599eb000-7fd9599ed000 r--s 0000f000 08:01 793798                     /home/lenovo/.gradle/wrapper/dists/gradle-5.4.1-all/3221gyojl5jsh0helicew7rwx/gradle-5.4.1/lib/plugins/gradle-tooling-api-builders-5.4.1.jar
7fd9599ed000-7fd9599ee000 r--s 00005000 08:01 793819                     /home/lenovo/.gradle/wrapper/dists/gradle-5.4.1-all/3221gyojl5jsh0helicew7rwx/gradle-5.4.1/lib/plugins/gradle-build-profile-5.4.1.jar
7fd9599ee000-7fd9599f0000 r--s 00003000 08:01 793778                     /home/lenovo/.gradle/wrapper/dists/gradle-5.4.1-all/3221gyojl5jsh0helicew7rwx/gradle-5.4.1/lib/plugins/gradle-tooling-native-5.4.1.jar
7fd9599f0000-7fd9599f4000 r--s 00017000 08:01 793780                     /home/lenovo/.gradle/wrapper/dists/gradle-5.4.1-all/3221gyojl5jsh0helicew7rwx/gradle-5.4.1/lib/plugins/gradle-testing-native-5.4.1.jar
7fd9599f4000-7fd9599f6000 r--s 0000f000 08:01 793876                     /home/lenovo/.gradle/wrapper/dists/gradle-5.4.1-all/3221gyojl5jsh0helicew7rwx/gradle-5.4.1/lib/plugins/jcommander-1.72.jar
7fd9599f6000-7fd9599ff000 r--s 00089000 08:01 793852                     /home/lenovo/.gradle/wrapper/dists/gradle-5.4.1-all/3221gyojl5jsh0helicew7rwx/gradle-5.4.1/lib/plugins/testng-6.3.1.jar
7fd9599ff000-7fd959a04000 r--s 0005a000 08:01 793856                     /home/lenovo/.gradle/wrapper/dists/gradle-5.4.1-all/3221gyojl5jsh0helicew7rwx/gradle-5.4.1/lib/plugins/bsh-2.0b6.jar
7fd959a04000-7fd959a08000 r--s 0001c000 08:01 793799                     /home/lenovo/.gradle/wrapper/dists/gradle-5.4.1-all/3221gyojl5jsh0helicew7rwx/gradle-5.4.1/lib/plugins/gradle-testing-jvm-5.4.1.jar
7fd959a08000-7fd959a0b000 r--s 00011000 08:01 793894                     /home/lenovo/.gradle/wrapper/dists/gradle-5.4.1-all/3221gyojl5jsh0helicew7rwx/gradle-5.4.1/lib/plugins/junit-platform-commons-1.3.1.jar
7fd959a0b000-7fd959a0c000 r--s 00001000 08:01 793896                     /home/lenovo/.gradle/wrapper/dists/gradle-5.4.1-all/3221gyojl5jsh0helicew7rwx/gradle-5.4.1/lib/plugins/opentest4j-1.1.1.jar
7fd959a0c000-7fd959a10000 r--s 0001d000 08:01 793893                     /home/lenovo/.gradle/wrapper/dists/gradle-5.4.1-all/3221gyojl5jsh0helicew7rwx/gradle-5.4.1/lib/plugins/junit-platform-engine-1.3.1.jar
7fd959a10000-7fd959a11000 r--s 00000000 08:01 793895                     /home/lenovo/.gradle/wrapper/dists/gradle-5.4.1-all/3221gyojl5jsh0helicew7rwx/gradle-5.4.1/lib/plugins/apiguardian-api-1.0.0.jar
7fd959a11000-7fd959a14000 r--s 00015000 08:01 793857                     /home/lenovo/.gradle/wrapper/dists/gradle-5.4.1-all/3221gyojl5jsh0helicew7rwx/gradle-5.4.1/lib/plugins/junit-platform-launcher-1.3.1.jar
7fd959a14000-7fd959a16000 r--s 00009000 08:01 793874                     /home/lenovo/.gradle/wrapper/dists/gradle-5.4.1-all/3221gyojl5jsh0helicew7rwx/gradle-5.4.1/lib/plugins/hamcrest-core-1.3.jar
7fd959a16000-7fd959a1e000 r--s 00045000 08:01 793855                     /home/lenovo/.gradle/wrapper/dists/gradle-5.4.1-all/3221gyojl5jsh0helicew7rwx/gradle-5.4.1/lib/plugins/junit-4.12.jar
7fd959a1e000-7fd959a1f000 r--s 00003000 08:01 793797                     /home/lenovo/.gradle/wrapper/dists/gradle-5.4.1-all/3221gyojl5jsh0helicew7rwx/gradle-5.4.1/lib/plugins/gradle-testing-junit-platform-5.4.1.jar
7fd959a1f000-7fd959a27000 r--s 00034000 08:01 793807                     /home/lenovo/.gradle/wrapper/dists/gradle-5.4.1-all/3221gyojl5jsh0helicew7rwx/gradle-5.4.1/lib/plugins/gradle-testing-base-5.4.1.jar
7fd959a27000-7fd959a2f000 r--s 00048000 08:01 793846                     /home/lenovo/.gradle/wrapper/dists/gradle-5.4.1-all/3221gyojl5jsh0helicew7rwx/gradle-5.4.1/lib/plugins/bcpg-jdk15on-1.61.jar
7fd959a2f000-7fd959a31000 r--s 0000f000 08:01 793777                     /home/lenovo/.gradle/wrapper/dists/gradle-5.4.1-all/3221gyojl5jsh0helicew7rwx/gradle-5.4.1/lib/plugins/gradle-signing-5.4.1.jar
7fd959a31000-7fd959a33000 r--s 00009000 08:01 793786                     /home/lenovo/.gradle/wrapper/dists/gradle-5.4.1-all/3221gyojl5jsh0helicew7rwx/gradle-5.4.1/lib/plugins/gradle-scala-5.4.1.jar
7fd959a33000-7fd959a34000 r--s 00004000 08:01 793818                     /home/lenovo/.gradle/wrapper/dists/gradle-5.4.1-all/3221gyojl5jsh0helicew7rwx/gradle-5.4.1/lib/plugins/gradle-resources-sftp-5.4.1.jar
7fd959a34000-7fd959a3d000 r--s 0005b000 08:01 793824                     /home/lenovo/.gradle/wrapper/dists/gradle-5.4.1-all/3221gyojl5jsh0helicew7rwx/gradle-5.4.1/lib/plugins/aws-java-sdk-kms-1.11.407.jar
7fd959a3d000-7fd959a3f000 r--s 00005000 08:01 793863                     /home/lenovo/.gradle/wrapper/dists/gradle-5.4.1-all/3221gyojl5jsh0helicew7rwx/gradle-5.4.1/lib/plugins/jmespath-java-1.11.407.jar
7fd959a3f000-7fd959a52000 r--s 000ca000 08:01 793823                     /home/lenovo/.gradle/wrapper/dists/gradle-5.4.1-all/3221gyojl5jsh0helicew7rwx/gradle-5.4.1/lib/plugins/aws-java-sdk-s3-1.11.407.jar
7fd959a52000-7fd959a5c000 r--s 00081000 08:01 793892                     /home/lenovo/.gradle/wrapper/dists/gradle-5.4.1-all/3221gyojl5jsh0helicew7rwx/gradle-5.4.1/lib/plugins/ion-java-1.0.2.jar
7fd959a5c000-7fd959a72000 r--s 000ca000 08:01 793825                     /home/lenovo/.gradle/wrapper/dists/gradle-5.4.1-all/3221gyojl5jsh0helicew7rwx/gradle-5.4.1/lib/plugins/aws-java-sdk-core-1.11.407.jar
7fd959a72000-7fd959a74000 r--s 00004000 08:01 793814                     /home/lenovo/.gradle/wrapper/dists/gradle-5.4.1-all/3221gyojl5jsh0helicew7rwx/gradle-5.4.1/lib/plugins/gradle-resources-s3-5.4.1.jar
7fd959a74000-7fd959a85000 r--s 0008c000 08:01 793867                     /home/lenovo/.gradle/wrapper/dists/gradle-5.4.1-all/3221gyojl5jsh0helicew7rwx/gradle-5.4.1/lib/plugins/joda-time-2.10.jar
7fd959a85000-7fd959a97000 r--s 00137000 08:01 793864                     /home/lenovo/.gradle/wrapper/dists/gradle-5.4.1-all/3221gyojl5jsh0helicew7rwx/gradle-5.4.1/lib/plugins/jackson-databind-2.9.8.jar
7fd959a97000-7fd959a9a000 r--s 0000e000 08:01 793866                     /home/lenovo/.gradle/wrapper/dists/gradle-5.4.1-all/3221gyojl5jsh0helicew7rwx/gradle-5.4.1/lib/plugins/jackson-annotations-2.9.8.jar
7fd959a9a000-7fd959a9e000 r--s 0004c000 08:01 793865                     /home/lenovo/.gradle/wrapper/dists/gradle-5.4.1-all/3221gyojl5jsh0helicew7rwx/gradle-5.4.1/lib/plugins/jackson-core-2.9.8.jar
7fd959a9e000-7fd959a9f000 r--s 00001000 08:01 793832                     /home/lenovo/.gradle/wrapper/dists/gradle-5.4.1-all/3221gyojl5jsh0helicew7rwx/gradle-5.4.1/lib/plugins/google-http-client-jackson2-1.25.0.jar
7fd959a9f000-7fd959aa9000 r--s 00056000 08:01 793833                     /home/lenovo/.gradle/wrapper/dists/gradle-5.4.1-all/3221gyojl5jsh0helicew7rwx/gradle-5.4.1/lib/plugins/google-http-client-1.25.0.jar
7fd959aa9000-7fd959aac000 r--s 0000d000 08:01 793831                     /home/lenovo/.gradle/wrapper/dists/gradle-5.4.1-all/3221gyojl5jsh0helicew7rwx/gradle-5.4.1/lib/plugins/google-oauth-client-1.25.0.jar
7fd959aac000-7fd959ab1000 r--s 0002d000 08:01 793830                     /home/lenovo/.gradle/wrapper/dists/gradle-5.4.1-all/3221gyojl5jsh0helicew7rwx/gradle-5.4.1/lib/plugins/google-api-client-1.25.0.jar
7fd959ab1000-7fd959ab5000 r--s 0001d000 08:01 793829                     /home/lenovo/.gradle/wrapper/dists/gradle-5.4.1-all/3221gyojl5jsh0helicew7rwx/gradle-5.4.1/lib/plugins/google-api-services-storage-v1-rev136-1.25.0.jar
7fd959ab5000-7fd959ab7000 r--s 00003000 08:01 793815                     /home/lenovo/.gradle/wrapper/dists/gradle-5.4.1-all/3221gyojl5jsh0helicew7rwx/gradle-5.4.1/lib/plugins/gradle-resources-gcs-5.4.1.jar
7fd959ab7000-7fd959ab9000 r--s 00010000 08:01 793813                     /home/lenovo/.gradle/wrapper/dists/gradle-5.4.1-all/3221gyojl5jsh0helicew7rwx/gradle-5.4.1/lib/plugins/gradle-reporting-5.4.1.jar
7fd959ab9000-7fd959abb000 r--s 00008000 08:01 793806                     /home/lenovo/.gradle/wrapper/dists/gradle-5.4.1-all/3221gyojl5jsh0helicew7rwx/gradle-5.4.1/lib/plugins/gradle-publish-5.4.1.jar
7fd959abb000-7fd959ac3000 r--s 00046000 08:01 793794                     /home/lenovo/.gradle/wrapper/dists/gradle-5.4.1-all/3221gyojl5jsh0helicew7rwx/gradle-5.4.1/lib/plugins/gradle-plugins-5.4.1.jar
7fd959ac3000-7fd959ac5000 r--s 0000c000 08:01 793782                     /home/lenovo/.gradle/wrapper/dists/gradle-5.4.1-all/3221gyojl5jsh0helicew7rwx/gradle-5.4.1/lib/plugins/gradle-plugin-development-5.4.1.jar
7fd959ac5000-7fd959acb000 r--s 00030000 08:01 793789                     /home/lenovo/.gradle/wrapper/dists/gradle-5.4.1-all/3221gyojl5jsh0helicew7rwx/gradle-5.4.1/lib/plugins/gradle-platform-play-5.4.1.jar
7fd959acb000-7fd959ad1000 r--s 0003d000 08:01 793853                     /home/lenovo/.gradle/wrapper/dists/gradle-5.4.1-all/3221gyojl5jsh0helicew7rwx/gradle-5.4.1/lib/plugins/snakeyaml-1.17.jar
7fd959ad1000-7fd959ae3000 r--s 00078000 08:01 793804                     /home/lenovo/.gradle/wrapper/dists/gradle-5.4.1-all/3221gyojl5jsh0helicew7rwx/gradle-5.4.1/lib/plugins/gradle-platform-native-5.4.1.jar
7fd959ae3000-7fd959ae7000 r--s 0001b000 08:01 793803                     /home/lenovo/.gradle/wrapper/dists/gradle-5.4.1-all/3221gyojl5jsh0helicew7rwx/gradle-5.4.1/lib/plugins/gradle-platform-jvm-5.4.1.jar
7fd959ae7000-7fd959aee000 r--s 0002a000 08:01 793808                     /home/lenovo/.gradle/wrapper/dists/gradle-5.4.1-all/3221gyojl5jsh0helicew7rwx/gradle-5.4.1/lib/plugins/gradle-platform-base-5.4.1.jar
7fd959aee000-7fd959b1b000 r--s 0025e000 08:01 793837                     /home/lenovo/.gradle/wrapper/dists/gradle-5.4.1-all/3221gyojl5jsh0helicew7rwx/gradle-5.4.1/lib/plugins/biz.aQute.bndlib-4.0.0.jar
7fd959b1b000-7fd959b1c000 r--s 00004000 08:01 793776                     /home/lenovo/.gradle/wrapper/dists/gradle-5.4.1-all/3221gyojl5jsh0helicew7rwx/gradle-5.4.1/lib/plugins/gradle-osgi-5.4.1.jar
7fd959b1c000-7fd959b1f000 r--s 0000c000 08:01 793842                     /home/lenovo/.gradle/wrapper/dists/gradle-5.4.1-all/3221gyojl5jsh0helicew7rwx/gradle-5.4.1/lib/plugins/pmaven-groovy-0.8-20100325.jar
7fd959b1f000-7fd959b20000 r--s 00004000 08:01 793841                     /home/lenovo/.gradle/wrapper/dists/gradle-5.4.1-all/3221gyojl5jsh0helicew7rwx/gradle-5.4.1/lib/plugins/pmaven-common-0.8-20100325.jar
7fd959b20000-7fd959b21000 r--s 00008000 08:01 793828                     /home/lenovo/.gradle/wrapper/dists/gradle-5.4.1-all/3221gyojl5jsh0helicew7rwx/gradle-5.4.1/lib/plugins/wagon-http-shared-3.0.0.jar
7fd959b21000-7fd959b22000 r--s 00002000 08:01 793827                     /home/lenovo/.gradle/wrapper/dists/gradle-5.4.1-all/3221gyojl5jsh0helicew7rwx/gradle-5.4.1/lib/plugins/wagon-http-3.0.0.jar
7fd959b22000-7fd959b23000 r--s 00002000 08:01 793843                     /home/lenovo/.gradle/wrapper/dists/gradle-5.4.1-all/3221gyojl5jsh0helicew7rwx/gradle-5.4.1/lib/plugins/wagon-file-3.0.0.jar
7fd959b23000-7fd959b25000 r--s 00006000 08:01 793845                     /home/lenovo/.gradle/wrapper/dists/gradle-5.4.1-all/3221gyojl5jsh0helicew7rwx/gradle-5.4.1/lib/plugins/aether-connector-wagon-1.13.1.jar
7fd959b25000-7fd959b2c000 r--s 00031000 08:01 793783                     /home/lenovo/.gradle/wrapper/dists/gradle-5.4.1-all/3221gyojl5jsh0helicew7rwx/gradle-5.4.1/lib/plugins/gradle-maven-5.4.1.jar
7fd959b2c000-7fd959b2e000 r--s 0000c000 08:01 793796                     /home/lenovo/.gradle/wrapper/dists/gradle-5.4.1-all/3221gyojl5jsh0helicew7rwx/gradle-5.4.1/lib/plugins/gradle-language-scala-5.4.1.jar
7fd959b2e000-7fd959b39000 r--s 00054000 08:01 793781                     /home/lenovo/.gradle/wrapper/dists/gradle-5.4.1-all/3221gyojl5jsh0helicew7rwx/gradle-5.4.1/lib/plugins/gradle-language-native-5.4.1.jar
7fd959b39000-7fd959b3b000 r--s 00005000 08:01 793802                     /home/lenovo/.gradle/wrapper/dists/gradle-5.4.1-all/3221gyojl5jsh0helicew7rwx/gradle-5.4.1/lib/plugins/gradle-language-jvm-5.4.1.jar
7fd959b3b000-7fd959b44000 r--s 00042000 08:01 793800                     /home/lenovo/.gradle/wrapper/dists/gradle-5.4.1-all/3221gyojl5jsh0helicew7rwx/gradle-5.4.1/lib/plugins/gradle-language-java-5.4.1.jar
7fd959b44000-7fd959b46000 r--s 0000b000 08:01 793795                     /home/lenovo/.gradle/wrapper/dists/gradle-5.4.1-all/3221gyojl5jsh0helicew7rwx/gradle-5.4.1/lib/plugins/gradle-language-groovy-5.4.1.jar
7fd959b46000-7fd959b4d000 r--s 00035000 08:01 793849                     /home/lenovo/.gradle/wrapper/dists/gradle-5.4.1-all/3221gyojl5jsh0helicew7rwx/gradle-5.4.1/lib/plugins/simple-4.1.21.jar
7fd959b4d000-7fd959b5a000 r--s 00125000 08:01 793847                     /home/lenovo/.gradle/wrapper/dists/gradle-5.4.1-all/3221gyojl5jsh0helicew7rwx/gradle-5.4.1/lib/plugins/rhino-1.7.10.jar
7fd959b5a000-7fd959b5e000 r--s 00012000 08:01 793790                     /home/lenovo/.gradle/wrapper/dists/gradle-5.4.1-all/3221gyojl5jsh0helicew7rwx/gradle-5.4.1/lib/plugins/gradle-javascript-5.4.1.jar
7fd959b5e000-7fd959b62000 r--s 00011000 08:01 793792                     /home/lenovo/.gradle/wrapper/dists/gradle-5.4.1-all/3221gyojl5jsh0helicew7rwx/gradle-5.4.1/lib/plugins/gradle-jacoco-5.4.1.jar
7fd959b62000-7fd959b66000 r--s 00015000 08:01 793791                     /home/lenovo/.gradle/wrapper/dists/gradle-5.4.1-all/3221gyojl5jsh0helicew7rwx/gradle-5.4.1/lib/plugins/gradle-ivy-5.4.1.jar
7fd959b66000-7fd959b68000 r--s 00002000 08:01 793784                     /home/lenovo/.gradle/wrapper/dists/gradle-5.4.1-all/3221gyojl5jsh0helicew7rwx/gradle-5.4.1/lib/plugins/gradle-ide-play-5.4.1.jar
7fd959b68000-7fd959b6a000 r--s 00011000 08:01 793854                     /home/lenovo/.gradle/wrapper/dists/gradle-5.4.1-all/3221gyojl5jsh0helicew7rwx/gradle-5.4.1/lib/plugins/dd-plist-1.21.jar
7fd959b6a000-7fd959b71000 r--s 00034000 08:01 793779                     /home/lenovo/.gradle/wrapper/dists/gradle-5.4.1-all/3221gyojl5jsh0helicew7rwx/gradle-5.4.1/lib/plugins/gradle-ide-native-5.4.1.jar
7fd959b71000-7fd959b7b000 r--s 0005f000 08:01 793785                     /home/lenovo/.gradle/wrapper/dists/gradle-5.4.1-all/3221gyojl5jsh0helicew7rwx/gradle-5.4.1/lib/plugins/gradle-ide-5.4.1.jar
7fd959b7b000-7fd959b7d000 r--s 00008000 08:01 793788                     /home/lenovo/.gradle/wrapper/dists/gradle-5.4.1-all/3221gyojl5jsh0helicew7rwx/gradle-5.4.1/lib/plugins/gradle-ear-5.4.1.jar
7fd959b7d000-7fd959b7f000 r--s 00006000 08:01 793850                     /home/lenovo/.gradle/wrapper/dists/gradle-5.4.1-all/3221gyojl5jsh0helicew7rwx/gradle-5.4.1/lib/plugins/jatl-0.2.3.jar
7fd959b7f000-7fd959b85000 r--s 0003e000 08:01 793805                     /home/lenovo/.gradle/wrapper/dists/gradle-5.4.1-all/3221gyojl5jsh0helicew7rwx/gradle-5.4.1/lib/plugins/gradle-diagnostics-5.4.1.jar
7fd959b85000-7fd959b8a000 r--s 00028000 08:01 793775                     /home/lenovo/.gradle/wrapper/dists/gradle-5.4.1-all/3221gyojl5jsh0helicew7rwx/gradle-5.4.1/lib/plugins/gradle-code-quality-5.4.1.jar
7fd959b8a000-7fd959b8c000 r--s 0000b000 08:01 793851                     /home/lenovo/.gradle/wrapper/dists/gradle-5.4.1-all/3221gyojl5jsh0helicew7rwx/gradle-5.4.1/lib/plugins/maven-plugin-api-3.0.4.jar
7fd959b8c000-7fd959b8e000 r--s 0000c000 08:01 793889                     /home/lenovo/.gradle/wrapper/dists/gradle-5.4.1-all/3221gyojl5jsh0helicew7rwx/gradle-5.4.1/lib/plugins/wagon-provider-api-3.0.0.jar
7fd959b8e000-7fd959b94000 r--s 0003f000 08:01 793839                     /home/lenovo/.gradle/wrapper/dists/gradle-5.4.1-all/3221gyojl5jsh0helicew7rwx/gradle-5.4.1/lib/plugins/maven-compat-3.0.4.jar
7fd959b94000-7fd959b97000 r--s 0000a000 08:01 793886                     /home/lenovo/.gradle/wrapper/dists/gradle-5.4.1-all/3221gyojl5jsh0helicew7rwx/gradle-5.4.1/lib/plugins/plexus-classworlds-2.5.1.jar
7fd959b97000-7fd959b9b000 r--s 00021000 08:01 793891                     /home/lenovo/.gradle/wrapper/dists/gradle-5.4.1-all/3221gyojl5jsh0helicew7rwx/gradle-5.4.1/lib/plugins/xbean-reflect-3.7.jar
7fd959b9b000-7fd959ba2000 r--s 00032000 08:01 793844                     /home/lenovo/.gradle/wrapper/dists/gradle-5.4.1-all/3221gyojl5jsh0helicew7rwx/gradle-5.4.1/lib/plugins/plexus-container-default-1.7.1.jar
7fd959ba2000-7fd959ba8000 r--s 00031000 08:01 793793                     /home/lenovo/.gradle/wrapper/dists/gradle-5.4.1-all/3221gyojl5jsh0helicew7rwx/gradle-5.4.1/lib/plugins/gradle-build-init-5.4.1.jar
7fd959ba8000-7fd959bae000 r--s 0002e000 08:01 793787                     /home/lenovo/.gradle/wrapper/dists/gradle-5.4.1-all/3221gyojl5jsh0helicew7rwx/gradle-5.4.1/lib/plugins/gradle-build-comparison-5.4.1.jar
7fd959bae000-7fd959bb0000 r--s 00002000 08:01 793816                     /home/lenovo/.gradle/wrapper/dists/gradle-5.4.1-all/3221gyojl5jsh0helicew7rwx/gradle-5.4.1/lib/plugins/gradle-build-cache-http-5.4.1.jar
7fd959bb0000-7fd959bb2000 r--s 00009000 08:01 793774                     /home/lenovo/.gradle/wrapper/dists/gradle-5.4.1-all/3221gyojl5jsh0helicew7rwx/gradle-5.4.1/lib/plugins/gradle-antlr-5.4.1.jar
7fd959bb2000-7fd959bb3000 r--s 00005000 08:01 793773                     /home/lenovo/.gradle/wrapper/dists/gradle-5.4.1-all/3221gyojl5jsh0helicew7rwx/gradle-5.4.1/lib/plugins/gradle-announce-5.4.1.jar
7fd959bb3000-7fd959bb6000 r--s 00017000 08:01 793821                     /home/lenovo/.gradle/wrapper/dists/gradle-5.4.1-all/3221gyojl5jsh0helicew7rwx/gradle-5.4.1/lib/plugins/gradle-kotlin-dsl-tooling-builders-5.4.1.jar
7fd959bb6000-7fd959bbc000 r--s 00029000 08:01 793820                     /home/lenovo/.gradle/wrapper/dists/gradle-5.4.1-all/3221gyojl5jsh0helicew7rwx/gradle-5.4.1/lib/plugins/gradle-kotlin-dsl-provider-plugins-5.4.1.jar
7fd959bbc000-7fd959bbd000 r--s 00000000 08:01 664506                     /home/lenovo/.gradle/wrapper/dists/gradle-5.4.1-all/3221gyojl5jsh0helicew7rwx/gradle-5.4.1/lib/gradle-runtime-api-info-5.4.1.jar
7fd959bbd000-7fd959bc2000 r--s 00040000 08:01 793861                     /home/lenovo/.gradle/wrapper/dists/gradle-5.4.1-all/3221gyojl5jsh0helicew7rwx/gradle-5.4.1/lib/plugins/jsch-0.1.54.jar
7fd959bc2000-7fd959bc4000 r--s 00010000 08:01 793877                     /home/lenovo/.gradle/wrapper/dists/gradle-5.4.1-all/3221gyojl5jsh0helicew7rwx/gradle-5.4.1/lib/plugins/jzlib-1.1.3.jar
7fd959bc4000-7fd959be9000 r--s 00265000 08:01 793826                     /home/lenovo/.gradle/wrapper/dists/gradle-5.4.1-all/3221gyojl5jsh0helicew7rwx/gradle-5.4.1/lib/plugins/org.eclipse.jgit-5.0.3.201809091024-r.jar
7fd959be9000-7fd959bec000 r--s 0000c000 08:01 793810                     /home/lenovo/.gradle/wrapper/dists/gradle-5.4.1-all/3221gyojl5jsh0helicew7rwx/gradle-5.4.1/lib/plugins/gradle-version-control-5.4.1.jar
7fd959bec000-7fd959c05000 r--s 0013a000 08:01 793860                     /home/lenovo/.gradle/wrapper/dists/gradle-5.4.1-all/3221gyojl5jsh0helicew7rwx/gradle-5.4.1/lib/plugins/xercesImpl-2.12.0.jar
7fd959c05000-7fd959c07000 r--s 0001d000 08:01 793859                     /home/lenovo/.gradle/wrapper/dists/gradle-5.4.1-all/3221gyojl5jsh0helicew7rwx/gradle-5.4.1/lib/plugins/nekohtml-1.9.22.jar
7fd959c07000-7fd959c0d000 r--s 0005b000 08:01 793858                     /home/lenovo/.gradle/wrapper/dists/gradle-5.4.1-all/3221gyojl5jsh0helicew7rwx/gradle-5.4.1/lib/plugins/jcifs-1.3.17.jar
7fd959c0d000-7fd959c14000 r--s 0004b000 08:01 793835                     /home/lenovo/.gradle/wrapper/dists/gradle-5.4.1-all/3221gyojl5jsh0helicew7rwx/gradle-5.4.1/lib/plugins/commons-codec-1.11.jar
7fd959c14000-7fd959c1b000 r--s 00049000 08:01 793875                     /home/lenovo/.gradle/wrapper/dists/gradle-5.4.1-all/3221gyojl5jsh0helicew7rwx/gradle-5.4.1/lib/plugins/httpcore-4.4.10.jar
7fd959c1b000-7fd959c28000 r--s 000af000 08:01 793834                     /home/lenovo/.gradle/wrapper/dists/gradle-5.4.1-all/3221gyojl5jsh0helicew7rwx/gradle-5.4.1/lib/plugins/httpclient-4.5.6.jar
7fd959c28000-7fd959c2b000 r--s 0000e000 08:01 793817                     /home/lenovo/.gradle/wrapper/dists/gradle-5.4.1-all/3221gyojl5jsh0helicew7rwx/gradle-5.4.1/lib/plugins/gradle-resources-http-5.4.1.jar
7fd959c2b000-7fd959c2e000 r--s 0000c000 08:01 793809                     /home/lenovo/.gradle/wrapper/dists/gradle-5.4.1-all/3221gyojl5jsh0helicew7rwx/gradle-5.4.1/lib/plugins/gradle-plugin-use-5.4.1.jar
7fd959c2e000-7fd959c31000 r--s 0000d000 08:01 793812                     /home/lenovo/.gradle/wrapper/dists/gradle-5.4.1-all/3221gyojl5jsh0helicew7rwx/gradle-5.4.1/lib/plugins/gradle-composite-builds-5.4.1.jar
7fd959c31000-7fd959c32000 r--s 00000000 08:01 664509                     /home/lenovo/.gradle/wrapper/dists/gradle-5.4.1-all/3221gyojl5jsh0helicew7rwx/gradle-5.4.1/lib/gradle-installation-beacon-5.4.1.jar
7fd959c32000-7fd959c34000 r--s 00006000 08:01 793881                     /home/lenovo/.gradle/wrapper/dists/gradle-5.4.1-all/3221gyojl5jsh0helicew7rwx/gradle-5.4.1/lib/plugins/maven-repository-metadata-3.0.4.jar
7fd959c34000-7fd959c36000 r--s 0000c000 08:01 793869                     /home/lenovo/.gradle/wrapper/dists/gradle-5.4.1-all/3221gyojl5jsh0helicew7rwx/gradle-5.4.1/lib/plugins/maven-aether-provider-3.0.4.jar
7fd959c36000-7fd959c37000 r--s 00003000 08:01 793871                     /home/lenovo/.gradle/wrapper/dists/gradle-5.4.1-all/3221gyojl5jsh0helicew7rwx/gradle-5.4.1/lib/plugins/aether-spi-1.13.1.jar
7fd959c37000-7fd959c3a000 r--s 0001d000 08:01 793870                     /home/lenovo/.gradle/wrapper/dists/gradle-5.4.1-all/3221gyojl5jsh0helicew7rwx/gradle-5.4.1/lib/plugins/aether-impl-1.13.1.jar
7fd959c3a000-7fd959c3e000 r--s 0001c000 08:01 793872                     /home/lenovo/.gradle/wrapper/dists/gradle-5.4.1-all/3221gyojl5jsh0helicew7rwx/gradle-5.4.1/lib/plugins/aether-util-1.13.1.jar
7fd959c3e000-7fd959c41000 r--s 00013000 08:01 793873                     /home/lenovo/.gradle/wrapper/dists/gradle-5.4.1-all/3221gyojl5jsh0helicew7rwx/gradle-5.4.1/lib/plugins/aether-api-1.13.1.jar
7fd959c41000-7fd959c43000 r--s 0000b000 08:01 793878                     /home/lenovo/.gradle/wrapper/dists/gradle-5.4.1-all/3221gyojl5jsh0helicew7rwx/gradle-5.4.1/lib/plugins/maven-artifact-3.0.4.jar
7fd959c43000-7fd959c47000 r--s 00021000 08:01 793879                     /home/lenovo/.gradle/wrapper/dists/gradle-5.4.1-all/3221gyojl5jsh0helicew7rwx/gradle-5.4.1/lib/plugins/maven-model-builder-3.0.4.jar
7fd959c47000-7fd959c49000 r--s 00026000 08:01 793880                     /home/lenovo/.gradle/wrapper/dists/gradle-5.4.1-all/3221gyojl5jsh0helicew7rwx/gradle-5.4.1/lib/plugins/maven-model-3.0.4.jar
7fd959c49000-7fd959c4b000 r--s 0000a000 08:01 793883                     /home/lenovo/.gradle/wrapper/dists/gradle-5.4.1-all/3221gyojl5jsh0helicew7rwx/gradle-5.4.1/lib/plugins/maven-settings-3.0.4.jar
7fd959c4b000-7fd959c4d000 r--s 00002000 08:01 793885                     /home/lenovo/.gradle/wrapper/dists/gradle-5.4.1-all/3221gyojl5jsh0helicew7rwx/gradle-5.4.1/lib/plugins/plexus-cipher-1.7.jar
7fd959c4d000-7fd959c4e000 r--s 00006000 08:01 793884                     /home/lenovo/.gradle/wrapper/dists/gradle-5.4.1-all/3221gyojl5jsh0helicew7rwx/gradle-5.4.1/lib/plugins/plexus-sec-dispatcher-1.3.jar
7fd959c4e000-7fd959c50000 r--s 00000000 08:01 793887                     /home/lenovo/.gradle/wrapper/dists/gradle-5.4.1-all/3221gyojl5jsh0helicew7rwx/gradle-5.4.1/lib/plugins/plexus-component-annotations-1.5.5.jar
7fd959c50000-7fd959c52000 r--s 0000d000 08:01 793888                     /home/lenovo/.gradle/wrapper/dists/gradle-5.4.1-all/3221gyojl5jsh0helicew7rwx/gradle-5.4.1/lib/plugins/plexus-interpolation-1.14.jar
7fd959c52000-7fd959c56000 r--s 0003c000 08:01 793890                     /home/lenovo/.gradle/wrapper/dists/gradle-5.4.1-all/3221gyojl5jsh0helicew7rwx/gradle-5.4.1/lib/plugins/plexus-utils-3.1.0.jar
7fd959c56000-7fd959c59000 r--s 00008000 08:01 793882                     /home/lenovo/.gradle/wrapper/dists/gradle-5.4.1-all/3221gyojl5jsh0helicew7rwx/gradle-5.4.1/lib/plugins/maven-settings-builder-3.0.4.jar
7fd959c59000-7fd959c65000 r--s 0007d000 08:01 793840                     /home/lenovo/.gradle/wrapper/dists/gradle-5.4.1-all/3221gyojl5jsh0helicew7rwx/gradle-5.4.1/lib/plugins/maven-core-3.0.4.jar
7fd959c65000-7fd959cc4000 r--s 003f7000 08:01 793868                     /home/lenovo/.gradle/wrapper/dists/gradle-5.4.1-all/3221gyojl5jsh0helicew7rwx/gradle-5.4.1/lib/plugins/bcprov-jdk15on-1.61.jar
7fd959cc4000-7fd959cf7000 r--s 001c3000 08:01 793811                     /home/lenovo/.gradle/wrapper/dists/gradle-5.4.1-all/3221gyojl5jsh0helicew7rwx/gradle-5.4.1/lib/plugins/gradle-dependency-management-5.4.1.jar
7fd959cf7000-7fd959d0d000 r-xp 00000000 08:01 13636226                   /lib/x86_64-linux-gnu/libgcc_s.so.1
7fd959d0d000-7fd959f0c000 ---p 00016000 08:01 13636226                   /lib/x86_64-linux-gnu/libgcc_s.so.1
7fd959f0c000-7fd959f0d000 rw-p 00015000 08:01 13636226                   /lib/x86_64-linux-gnu/libgcc_s.so.1
7fd959f0d000-7fd95a07f000 r-xp 00000000 08:01 11281508                   /usr/lib/x86_64-linux-gnu/libstdc++.so.6.0.21
7fd95a07f000-7fd95a27f000 ---p 00172000 08:01 11281508                   /usr/lib/x86_64-linux-gnu/libstdc++.so.6.0.21
7fd95a27f000-7fd95a289000 r--p 00172000 08:01 11281508                   /usr/lib/x86_64-linux-gnu/libstdc++.so.6.0.21
7fd95a289000-7fd95a28b000 rw-p 0017c000 08:01 11281508                   /usr/lib/x86_64-linux-gnu/libstdc++.so.6.0.21
7fd95a28b000-7fd95a28f000 rw-p 00000000 00:00 0 
7fd95a28f000-7fd95a2a4000 r--s 00116000 08:01 793838                     /home/lenovo/.gradle/wrapper/dists/gradle-5.4.1-all/3221gyojl5jsh0helicew7rwx/gradle-5.4.1/lib/plugins/ivy-2.3.0.jar
7fd95a2a4000-7fd95a2a9000 r--s 00036000 08:01 793848                     /home/lenovo/.gradle/wrapper/dists/gradle-5.4.1-all/3221gyojl5jsh0helicew7rwx/gradle-5.4.1/lib/plugins/gson-2.8.5.jar
7fd95a2a9000-7fd95a2aa000 r--s 00013000 08:01 793836                     /home/lenovo/.gradle/wrapper/dists/gradle-5.4.1-all/3221gyojl5jsh0helicew7rwx/gradle-5.4.1/lib/plugins/asm-util-7.0.jar
7fd95a2aa000-7fd95a2ad000 r--s 0000e000 08:01 793822                     /home/lenovo/.gradle/wrapper/dists/gradle-5.4.1-all/3221gyojl5jsh0helicew7rwx/gradle-5.4.1/lib/plugins/gradle-workers-5.4.1.jar
7fd95a2ad000-7fd95a2b3000 r-xp 00000000 08:01 12992336                   /home/lenovo/.gradle/native/29/linux-amd64/libnative-platform.so
7fd95a2b3000-7fd95a4b2000 ---p 00006000 08:01 12992336                   /home/lenovo/.gradle/native/29/linux-amd64/libnative-platform.so
7fd95a4b2000-7fd95a4b3000 rw-p 00005000 08:01 12992336                   /home/lenovo/.gradle/native/29/linux-amd64/libnative-platform.so
7fd95a4b3000-7fd95a4c3000 r-xp 00000000 08:01 12191767                   /usr/local/android-studio/jre/jre/lib/amd64/libnio.so
7fd95a4c3000-7fd95a4c4000 rw-p 00010000 08:01 12191767                   /usr/local/android-studio/jre/jre/lib/amd64/libnio.so
7fd95a4c4000-7fd95a4da000 r-xp 00000000 08:01 12191842                   /usr/local/android-studio/jre/jre/lib/amd64/libnet.so
7fd95a4da000-7fd95a4db000 rw-p 00016000 08:01 12191842                   /usr/local/android-studio/jre/jre/lib/amd64/libnet.so
7fd95a4db000-7fd95a4dd000 r--s 00006000 08:01 664508                     /home/lenovo/.gradle/wrapper/dists/gradle-5.4.1-all/3221gyojl5jsh0helicew7rwx/gradle-5.4.1/lib/gradle-wrapper-5.4.1.jar
7fd95a4dd000-7fd95a4ec000 r--s 0004c000 08:01 664507                     /home/lenovo/.gradle/wrapper/dists/gradle-5.4.1-all/3221gyojl5jsh0helicew7rwx/gradle-5.4.1/lib/gradle-tooling-api-5.4.1.jar
7fd95a4ec000-7fd95a4f7000 r--s 00081000 08:01 664745                     /home/lenovo/.gradle/wrapper/dists/gradle-5.4.1-all/3221gyojl5jsh0helicew7rwx/gradle-5.4.1/lib/trove4j-1.0.20181211.jar
7fd95a4f7000-7fd95a4f9000 r--s 00009000 08:01 664744                     /home/lenovo/.gradle/wrapper/dists/gradle-5.4.1-all/3221gyojl5jsh0helicew7rwx/gradle-5.4.1/lib/kotlin-script-runtime-1.3.21.jar
7fd95a4f9000-7fd95a530000 r--s 00255000 08:01 664738                     /home/lenovo/.gradle/wrapper/dists/gradle-5.4.1-all/3221gyojl5jsh0helicew7rwx/gradle-5.4.1/lib/kotlin-reflect-1.3.21.jar
7fd95a530000-7fd95a70f000 r--s 01b1b000 08:01 664672                     /home/lenovo/.gradle/wrapper/dists/gradle-5.4.1-all/3221gyojl5jsh0helicew7rwx/gradle-5.4.1/lib/kotlin-compiler-embeddable-1.3.21-patched-for-gradle-5.4.1.jar
7fd95a70f000-7fd95a710000 r--s 00001000 08:01 664716                     /home/lenovo/.gradle/wrapper/dists/gradle-5.4.1-all/3221gyojl5jsh0helicew7rwx/gradle-5.4.1/lib/gradle-kotlin-dsl-tooling-models-5.4.1.jar
7fd95a710000-7fd95a71e000 r--s 00236000 08:01 664719                     /home/lenovo/.gradle/wrapper/dists/gradle-5.4.1-all/3221gyojl5jsh0helicew7rwx/gradle-5.4.1/lib/kotlinx-metadata-jvm-0.0.5.jar
7fd95a71e000-7fd95a71f000 r--s 00002000 08:01 664718                     /home/lenovo/.gradle/wrapper/dists/gradle-5.4.1-all/3221gyojl5jsh0helicew7rwx/gradle-5.4.1/lib/kotlin-sam-with-receiver-compiler-plugin-1.3.21.jar
7fd95a71f000-7fd95a720000 r--s 00000000 08:01 664739                     /home/lenovo/.gradle/wrapper/dists/gradle-5.4.1-all/3221gyojl5jsh0helicew7rwx/gradle-5.4.1/lib/kotlin-stdlib-jdk7-1.3.21.jar
7fd95a720000-7fd95a722000 r--s 00003000 08:01 664741                     /home/lenovo/.gradle/wrapper/dists/gradle-5.4.1-all/3221gyojl5jsh0helicew7rwx/gradle-5.4.1/lib/annotations-13.0.jar
7fd95a722000-7fd95a729000 r--s 0001f000 08:01 664761                     /home/lenovo/.gradle/wrapper/dists/gradle-5.4.1-all/3221gyojl5jsh0helicew7rwx/gradle-5.4.1/lib/kotlin-stdlib-common-1.3.21.jar
7fd95a729000-7fd95a73c000 r--s 0010f000 08:01 664740                     /home/lenovo/.gradle/wrapper/dists/gradle-5.4.1-all/3221gyojl5jsh0helicew7rwx/gradle-5.4.1/lib/kotlin-stdlib-1.3.21.jar
7fd95a73c000-7fd95a73e000 r--s 00002000 08:01 664717                     /home/lenovo/.gradle/wrapper/dists/gradle-5.4.1-all/3221gyojl5jsh0helicew7rwx/gradle-5.4.1/lib/kotlin-stdlib-jdk8-1.3.21.jar
7fd95a73e000-7fd95a759000 r--s 0015d000 08:01 664510                     /home/lenovo/.gradle/wrapper/dists/gradle-5.4.1-all/3221gyojl5jsh0helicew7rwx/gradle-5.4.1/lib/gradle-kotlin-dsl-5.4.1.jar
7fd95a759000-7fd95a75d000 r--s 00013000 08:01 664515                     /home/lenovo/.gradle/wrapper/dists/gradle-5.4.1-all/3221gyojl5jsh0helicew7rwx/gradle-5.4.1/lib/gradle-build-cache-5.4.1.jar
7fd95a75d000-7fd95a75f000 r--s 00006000 08:01 664514                     /home/lenovo/.gradle/wrapper/dists/gradle-5.4.1-all/3221gyojl5jsh0helicew7rwx/gradle-5.4.1/lib/gradle-build-cache-packaging-5.4.1.jar
7fd95a75f000-7fd95a764000 r--s 0001f000 08:01 664513                     /home/lenovo/.gradle/wrapper/dists/gradle-5.4.1-all/3221gyojl5jsh0helicew7rwx/gradle-5.4.1/lib/gradle-execution-5.4.1.jar
7fd95a764000-7fd95a768000 r--s 0001a000 08:01 664517                     /home/lenovo/.gradle/wrapper/dists/gradle-5.4.1-all/3221gyojl5jsh0helicew7rwx/gradle-5.4.1/lib/gradle-files-5.4.1.jar
7fd95a768000-7fd95a76d000 r--s 00026000 08:01 664516                     /home/lenovo/.gradle/wrapper/dists/gradle-5.4.1-all/3221gyojl5jsh0helicew7rwx/gradle-5.4.1/lib/gradle-snapshots-5.4.1.jar
7fd95a76d000-7fd95a772000 r--s 00015000 08:01 664573                     /home/lenovo/.gradle/wrapper/dists/gradle-5.4.1-all/3221gyojl5jsh0helicew7rwx/gradle-5.4.1/lib/gradle-resources-5.4.1.jar
7fd95a772000-7fd95a779000 r--s 00036000 08:01 664521                     /home/lenovo/.gradle/wrapper/dists/gradle-5.4.1-all/3221gyojl5jsh0helicew7rwx/gradle-5.4.1/lib/gradle-persistent-cache-5.4.1.jar
7fd95a779000-7fd95a77a000 r--s 00003000 08:01 664593                     /home/lenovo/.gradle/wrapper/dists/gradle-5.4.1-all/3221gyojl5jsh0helicew7rwx/gradle-5.4.1/lib/gradle-build-option-5.4.1.jar
7fd95a77a000-7fd95a77c000 r--s 00005000 08:01 664670                     /home/lenovo/.gradle/wrapper/dists/gradle-5.4.1-all/3221gyojl5jsh0helicew7rwx/gradle-5.4.1/lib/gradle-cli-5.4.1.jar
7fd95a77c000-7fd95a77e000 r--s 00004000 08:01 664714                     /home/lenovo/.gradle/wrapper/dists/gradle-5.4.1-all/3221gyojl5jsh0helicew7rwx/gradle-5.4.1/lib/log4j-over-slf4j-1.7.25.jar
7fd95a77e000-7fd95a780000 r--s 00000000 08:01 664713                     /home/lenovo/.gradle/wrapper/dists/gradle-5.4.1-all/3221gyojl5jsh0helicew7rwx/gradle-5.4.1/lib/jul-to-slf4j-1.7.25.jar
7fd95a780000-7fd95a782000 r--s 00003000 08:01 664712                     /home/lenovo/.gradle/wrapper/dists/gradle-5.4.1-all/3221gyojl5jsh0helicew7rwx/gradle-5.4.1/lib/jcl-over-slf4j-1.7.25.jar
7fd95a782000-7fd95a78a000 r--s 00038000 08:01 664522                     /home/lenovo/.gradle/wrapper/dists/gradle-5.4.1-all/3221gyojl5jsh0helicew7rwx/gradle-5.4.1/lib/gradle-logging-5.4.1.jar
7fd95a78a000-7fd95a79f000 r--s 000c1000 08:01 664519                     /home/lenovo/.gradle/wrapper/dists/gradle-5.4.1-all/3221gyojl5jsh0helicew7rwx/gradle-5.4.1/lib/gradle-model-core-5.4.1.jar
7fd95a79f000-7fd95a7a1000 r--s 00006000 08:01 664575                     /home/lenovo/.gradle/wrapper/dists/gradle-5.4.1-all/3221gyojl5jsh0helicew7rwx/gradle-5.4.1/lib/gradle-base-services-groovy-5.4.1.jar
7fd95a7a1000-7fd95a7a3000 r--s 00007000 08:01 664518                     /home/lenovo/.gradle/wrapper/dists/gradle-5.4.1-all/3221gyojl5jsh0helicew7rwx/gradle-5.4.1/lib/gradle-model-groovy-5.4.1.jar
7fd95a7a3000-7fd95a7a4000 r--s 00007000 08:01 664671                     /home/lenovo/.gradle/wrapper/dists/gradle-5.4.1-all/3221gyojl5jsh0helicew7rwx/gradle-5.4.1/lib/gradle-docs-5.4.1.jar
7fd95a7a4000-7fd95a7ad000 r--s 0002d000 08:01 664734                     /home/lenovo/.gradle/wrapper/dists/gradle-5.4.1-all/3221gyojl5jsh0helicew7rwx/gradle-5.4.1/lib/xml-apis-1.4.01.jar
7fd95a7ad000-7fd95a7ae000 r--s 00000000 08:01 664731                     /home/lenovo/.gradle/wrapper/dists/gradle-5.4.1-all/3221gyojl5jsh0helicew7rwx/gradle-5.4.1/lib/javax.inject-1.jar
7fd95a7ae000-7fd95a833000 r--s 007a7000 08:01 664723                     /home/lenovo/.gradle/wrapper/dists/gradle-5.4.1-all/3221gyojl5jsh0helicew7rwx/gradle-5.4.1/lib/groovy-all-1.0-2.5.4.jar
7fd95a833000-7fd95a834000 ---p 00000000 00:00 0 
7fd95a834000-7fd95a934000 rw-p 00000000 00:00 0 
7fd95a934000-7fd95a937000 ---p 00000000 00:00 0 
7fd95a937000-7fd95aa35000 rw-p 00000000 00:00 0 
7fd95aa35000-7fd95aa38000 ---p 00000000 00:00 0 
7fd95aa38000-7fd95ab36000 rw-p 00000000 00:00 0 
7fd95ab36000-7fd95ab39000 ---p 00000000 00:00 0 
7fd95ab39000-7fd95ac37000 rw-p 00000000 00:00 0 
7fd95ac37000-7fd95ac3a000 ---p 00000000 00:00 0 
7fd95ac3a000-7fd95ad38000 rw-p 00000000 00:00 0 
7fd95ad38000-7fd95ad3b000 ---p 00000000 00:00 0 
7fd95ad3b000-7fd95ae39000 rw-p 00000000 00:00 0 
7fd95ae39000-7fd95b7f8000 r--p 00000000 08:01 11279349                   /usr/lib/locale/locale-archive
7fd95b7f8000-7fd95b7fb000 ---p 00000000 00:00 0 
7fd95b7fb000-7fd95b8f9000 rw-p 00000000 00:00 0 
7fd95b8f9000-7fd95b8fc000 ---p 00000000 00:00 0 
7fd95b8fc000-7fd95b9fa000 rw-p 00000000 00:00 0 
7fd95b9fa000-7fd95b9fb000 ---p 00000000 00:00 0 
7fd95b9fb000-7fd95c000000 rw-p 00000000 00:00 0 
7fd95c000000-7fd95c021000 rw-p 00000000 00:00 0 
7fd95c021000-7fd960000000 ---p 00000000 00:00 0 
7fd960000000-7fd96000b000 r--s 00086000 08:01 664733                     /home/lenovo/.gradle/wrapper/dists/gradle-5.4.1-all/3221gyojl5jsh0helicew7rwx/gradle-5.4.1/lib/commons-compress-1.18.jar
7fd96000b000-7fd96000d000 r--s 00007000 08:01 664674                     /home/lenovo/.gradle/wrapper/dists/gradle-5.4.1-all/3221gyojl5jsh0helicew7rwx/gradle-5.4.1/lib/asm-analysis-7.0.jar
7fd96000d000-7fd96000f000 r--s 0000b000 08:01 664675                     /home/lenovo/.gradle/wrapper/dists/gradle-5.4.1-all/3221gyojl5jsh0helicew7rwx/gradle-5.4.1/lib/asm-tree-7.0.jar
7fd96000f000-7fd960011000 r--s 00012000 08:01 664673                     /home/lenovo/.gradle/wrapper/dists/gradle-5.4.1-all/3221gyojl5jsh0helicew7rwx/gradle-5.4.1/lib/asm-commons-7.0.jar
7fd960011000-7fd960012000 r--s 00004000 08:01 664746                     /home/lenovo/.gradle/wrapper/dists/gradle-5.4.1-all/3221gyojl5jsh0helicew7rwx/gradle-5.4.1/lib/native-platform-freebsd-amd64-libcpp-0.17.jar
7fd960012000-7fd960013000 r--s 00004000 08:01 664747                     /home/lenovo/.gradle/wrapper/dists/gradle-5.4.1-all/3221gyojl5jsh0helicew7rwx/gradle-5.4.1/lib/native-platform-freebsd-amd64-libstdcpp-0.17.jar
7fd960013000-7fd960014000 r--s 00004000 08:01 664748                     /home/lenovo/.gradle/wrapper/dists/gradle-5.4.1-all/3221gyojl5jsh0helicew7rwx/gradle-5.4.1/lib/native-platform-freebsd-i386-libcpp-0.17.jar
7fd960014000-7fd960015000 r--s 00004000 08:01 664749                     /home/lenovo/.gradle/wrapper/dists/gradle-5.4.1-all/3221gyojl5jsh0helicew7rwx/gradle-5.4.1/lib/native-platform-freebsd-i386-libstdcpp-0.17.jar
7fd960015000-7fd960016000 r--s 00002000 08:01 664750                     /home/lenovo/.gradle/wrapper/dists/gradle-5.4.1-all/3221gyojl5jsh0helicew7rwx/gradle-5.4.1/lib/native-platform-linux-amd64-0.17.jar
7fd960016000-7fd960017000 r--s 00002000 08:01 664751                     /home/lenovo/.gradle/wrapper/dists/gradle-5.4.1-all/3221gyojl5jsh0helicew7rwx/gradle-5.4.1/lib/native-platform-linux-i386-0.17.jar
7fd960017000-7fd960018000 r--s 00003000 08:01 664752                     /home/lenovo/.gradle/wrapper/dists/gradle-5.4.1-all/3221gyojl5jsh0helicew7rwx/gradle-5.4.1/lib/native-platform-osx-amd64-0.17.jar
7fd960018000-7fd960019000 r--s 00010000 08:01 664753                     /home/lenovo/.gradle/wrapper/dists/gradle-5.4.1-all/3221gyojl5jsh0helicew7rwx/gradle-5.4.1/lib/native-platform-windows-amd64-0.17.jar
7fd960019000-7fd96001a000 r--s 00010000 08:01 664754                     /home/lenovo/.gradle/wrapper/dists/gradle-5.4.1-all/3221gyojl5jsh0helicew7rwx/gradle-5.4.1/lib/native-platform-windows-amd64-min-0.17.jar
7fd96001a000-7fd96001b000 r--s 0000e000 08:01 664755                     /home/lenovo/.gradle/wrapper/dists/gradle-5.4.1-all/3221gyojl5jsh0helicew7rwx/gradle-5.4.1/lib/native-platform-windows-i386-0.17.jar
7fd96001b000-7fd96001c000 r--s 0000e000 08:01 664756                     /home/lenovo/.gradle/wrapper/dists/gradle-5.4.1-all/3221gyojl5jsh0helicew7rwx/gradle-5.4.1/lib/native-platform-windows-i386-min-0.17.jar
7fd96001c000-7fd96001e000 r--s 00001000 08:01 664757                     /home/lenovo/.gradle/wrapper/dists/gradle-5.4.1-all/3221gyojl5jsh0helicew7rwx/gradle-5.4.1/lib/native-platform-linux-amd64-ncurses5-0.17.jar
7fd96001e000-7fd96001f000 r--s 00001000 08:01 664758                     /home/lenovo/.gradle/wrapper/dists/gradle-5.4.1-all/3221gyojl5jsh0helicew7rwx/gradle-5.4.1/lib/native-platform-linux-amd64-ncurses6-0.17.jar
7fd96001f000-7fd960020000 r--s 00001000 08:01 664759                     /home/lenovo/.gradle/wrapper/dists/gradle-5.4.1-all/3221gyojl5jsh0helicew7rwx/gradle-5.4.1/lib/native-platform-linux-i386-ncurses5-0.17.jar
7fd960020000-7fd960025000 r--s 0001a000 08:01 664732                     /home/lenovo/.gradle/wrapper/dists/gradle-5.4.1-all/3221gyojl5jsh0helicew7rwx/gradle-5.4.1/lib/native-platform-0.17.jar
7fd960025000-7fd960029000 r--s 00042000 08:01 664735                     /home/lenovo/.gradle/wrapper/dists/gradle-5.4.1-all/3221gyojl5jsh0helicew7rwx/gradle-5.4.1/lib/jansi-1.17.1.jar
7fd960029000-7fd96002d000 r--s 0000c000 08:01 664574                     /home/lenovo/.gradle/wrapper/dists/gradle-5.4.1-all/3221gyojl5jsh0helicew7rwx/gradle-5.4.1/lib/gradle-native-5.4.1.jar
7fd96002d000-7fd96002f000 r--s 0000c000 08:01 664737                     /home/lenovo/.gradle/wrapper/dists/gradle-5.4.1-all/3221gyojl5jsh0helicew7rwx/gradle-5.4.1/lib/objenesis-2.6.jar
7fd96002f000-7fd960031000 r--s 00000000 08:01 664743                     /home/lenovo/.gradle/wrapper/dists/gradle-5.4.1-all/3221gyojl5jsh0helicew7rwx/gradle-5.4.1/lib/minlog-1.2.jar
7fd960031000-7fd960037000 r--s 0004d000 08:01 664736                     /home/lenovo/.gradle/wrapper/dists/gradle-5.4.1-all/3221gyojl5jsh0helicew7rwx/gradle-5.4.1/lib/kryo-2.24.0.jar
7fd960037000-7fd96003e000 r--s 00030000 08:01 664591                     /home/lenovo/.gradle/wrapper/dists/gradle-5.4.1-all/3221gyojl5jsh0helicew7rwx/gradle-5.4.1/lib/gradle-messaging-5.4.1.jar
7fd96003e000-7fd96006e000 r--s 0024b000 08:01 664720                     /home/lenovo/.gradle/wrapper/dists/gradle-5.4.1-all/3221gyojl5jsh0helicew7rwx/gradle-5.4.1/lib/guava-26.0-android.jar
7fd96006e000-7fd96008d000 r--s 001da000 08:01 664724                     /home/lenovo/.gradle/wrapper/dists/gradle-5.4.1-all/3221gyojl5jsh0helicew7rwx/gradle-5.4.1/lib/ant-1.9.13.jar
7fd96008d000-7fd9600c9000 r--s 00203000 08:01 664511                     /home/lenovo/.gradle/wrapper/dists/gradle-5.4.1-all/3221gyojl5jsh0helicew7rwx/gradle-5.4.1/lib/gradle-core-5.4.1.jar
7fd9600c9000-7fd9600d8000 r--s 00043000 08:01 664520                     /home/lenovo/.gradle/wrapper/dists/gradle-5.4.1-all/3221gyojl5jsh0helicew7rwx/gradle-5.4.1/lib/gradle-core-api-5.4.1.jar
7fd9600d8000-7fd961000000 rw-p 00000000 00:00 0 
7fd961000000-7fd961920000 rwxp 00000000 00:00 0 
7fd961920000-7fd970000000 ---p 00000000 00:00 0 
7fd970000000-7fd97112e000 rw-p 00000000 00:00 0 
7fd97112e000-7fd974000000 ---p 00000000 00:00 0 
7fd974000000-7fd974002000 r--s 00006000 08:01 664523                     /home/lenovo/.gradle/wrapper/dists/gradle-5.4.1-all/3221gyojl5jsh0helicew7rwx/gradle-5.4.1/lib/gradle-process-services-5.4.1.jar
7fd974002000-7fd974004000 r--s 00000000 08:01 664512                     /home/lenovo/.gradle/wrapper/dists/gradle-5.4.1-all/3221gyojl5jsh0helicew7rwx/gradle-5.4.1/lib/gradle-jvm-services-5.4.1.jar
7fd974004000-7fd974006000 r--s 00003000 08:01 664721                     /home/lenovo/.gradle/wrapper/dists/gradle-5.4.1-all/3221gyojl5jsh0helicew7rwx/gradle-5.4.1/lib/jsr305-3.0.2.jar
7fd974006000-7fd97400b000 r--s 00041000 08:01 664711                     /home/lenovo/.gradle/wrapper/dists/gradle-5.4.1-all/3221gyojl5jsh0helicew7rwx/gradle-5.4.1/lib/commons-lang-2.6.jar
7fd97400b000-7fd974018000 r--s 00067000 08:01 664592                     /home/lenovo/.gradle/wrapper/dists/gradle-5.4.1-all/3221gyojl5jsh0helicew7rwx/gradle-5.4.1/lib/gradle-base-services-5.4.1.jar
7fd974018000-7fd9743cc000 rw-p 00000000 00:00 0 
7fd9743cc000-7fd97459e000 r--s 03cad000 08:01 12190578                   /usr/local/android-studio/jre/jre/lib/rt.jar
7fd97459e000-7fd97496f000 rw-p 00000000 00:00 0 
7fd97496f000-7fd974970000 ---p 00000000 00:00 0 
7fd974970000-7fd974a70000 rw-p 00000000 00:00 0 
7fd974a70000-7fd974a71000 ---p 00000000 00:00 0 
7fd974a71000-7fd974b71000 rw-p 00000000 00:00 0 
7fd974b71000-7fd974b72000 ---p 00000000 00:00 0 
7fd974b72000-7fd974c72000 rw-p 00000000 00:00 0 
7fd974c72000-7fd974c73000 ---p 00000000 00:00 0 
7fd974c73000-7fd974d92000 rw-p 00000000 00:00 0 
7fd974d92000-7fd974f73000 ---p 00000000 00:00 0 
7fd974f73000-7fd974f92000 rw-p 00000000 00:00 0 
7fd974f92000-7fd975173000 ---p 00000000 00:00 0 
7fd975173000-7fd9751b4000 rw-p 00000000 00:00 0 
7fd9751b4000-7fd975273000 ---p 00000000 00:00 0 
7fd975273000-7fd975299000 rw-p 00000000 00:00 0 
7fd975299000-7fd975634000 ---p 00000000 00:00 0 
7fd975634000-7fd97563f000 r-xp 00000000 08:01 13636287                   /lib/x86_64-linux-gnu/libnss_files-2.23.so
7fd97563f000-7fd97583e000 ---p 0000b000 08:01 13636287                   /lib/x86_64-linux-gnu/libnss_files-2.23.so
7fd97583e000-7fd97583f000 r--p 0000a000 08:01 13636287                   /lib/x86_64-linux-gnu/libnss_files-2.23.so
7fd97583f000-7fd975840000 rw-p 0000b000 08:01 13636287                   /lib/x86_64-linux-gnu/libnss_files-2.23.so
7fd975840000-7fd975846000 rw-p 00000000 00:00 0 
7fd975846000-7fd975851000 r-xp 00000000 08:01 13636297                   /lib/x86_64-linux-gnu/libnss_nis-2.23.so
7fd975851000-7fd975a50000 ---p 0000b000 08:01 13636297                   /lib/x86_64-linux-gnu/libnss_nis-2.23.so
7fd975a50000-7fd975a51000 r--p 0000a000 08:01 13636297                   /lib/x86_64-linux-gnu/libnss_nis-2.23.so
7fd975a51000-7fd975a52000 rw-p 0000b000 08:01 13636297                   /lib/x86_64-linux-gnu/libnss_nis-2.23.so
7fd975a52000-7fd975a68000 r-xp 00000000 08:01 13636281                   /lib/x86_64-linux-gnu/libnsl-2.23.so
7fd975a68000-7fd975c67000 ---p 00016000 08:01 13636281                   /lib/x86_64-linux-gnu/libnsl-2.23.so
7fd975c67000-7fd975c68000 r--p 00015000 08:01 13636281                   /lib/x86_64-linux-gnu/libnsl-2.23.so
7fd975c68000-7fd975c69000 rw-p 00016000 08:01 13636281                   /lib/x86_64-linux-gnu/libnsl-2.23.so
7fd975c69000-7fd975c6b000 rw-p 00000000 00:00 0 
7fd975c6b000-7fd975c73000 r-xp 00000000 08:01 13636283                   /lib/x86_64-linux-gnu/libnss_compat-2.23.so
7fd975c73000-7fd975e72000 ---p 00008000 08:01 13636283                   /lib/x86_64-linux-gnu/libnss_compat-2.23.so
7fd975e72000-7fd975e73000 r--p 00007000 08:01 13636283                   /lib/x86_64-linux-gnu/libnss_compat-2.23.so
7fd975e73000-7fd975e74000 rw-p 00008000 08:01 13636283                   /lib/x86_64-linux-gnu/libnss_compat-2.23.so
7fd975e74000-7fd975e7b000 r-xp 00000000 08:01 13636342                   /lib/x86_64-linux-gnu/librt-2.23.so
7fd975e7b000-7fd97607a000 ---p 00007000 08:01 13636342                   /lib/x86_64-linux-gnu/librt-2.23.so
7fd97607a000-7fd97607b000 r--p 00006000 08:01 13636342                   /lib/x86_64-linux-gnu/librt-2.23.so
7fd97607b000-7fd97607c000 rw-p 00007000 08:01 13636342                   /lib/x86_64-linux-gnu/librt-2.23.so
7fd97607c000-7fd976184000 r-xp 00000000 08:01 13636258                   /lib/x86_64-linux-gnu/libm-2.23.so
7fd976184000-7fd976383000 ---p 00108000 08:01 13636258                   /lib/x86_64-linux-gnu/libm-2.23.so
7fd976383000-7fd976384000 r--p 00107000 08:01 13636258                   /lib/x86_64-linux-gnu/libm-2.23.so
7fd976384000-7fd976385000 rw-p 00108000 08:01 13636258                   /lib/x86_64-linux-gnu/libm-2.23.so
7fd976385000-7fd976fab000 r-xp 00000000 08:01 12191102                   /usr/local/android-studio/jre/jre/lib/amd64/server/libjvm.so
7fd976fab000-7fd97707b000 rw-p 00c26000 08:01 12191102                   /usr/local/android-studio/jre/jre/lib/amd64/server/libjvm.so
7fd97707b000-7fd9770bf000 rw-p 00000000 00:00 0 
7fd9770bf000-7fd97727f000 r-xp 00000000 08:01 13636188                   /lib/x86_64-linux-gnu/libc-2.23.so
7fd97727f000-7fd97747f000 ---p 001c0000 08:01 13636188                   /lib/x86_64-linux-gnu/libc-2.23.so
7fd97747f000-7fd977483000 r--p 001c0000 08:01 13636188                   /lib/x86_64-linux-gnu/libc-2.23.so
7fd977483000-7fd977485000 rw-p 001c4000 08:01 13636188                   /lib/x86_64-linux-gnu/libc-2.23.so
7fd977485000-7fd977489000 rw-p 00000000 00:00 0 
7fd977489000-7fd97748c000 r-xp 00000000 08:01 13636212                   /lib/x86_64-linux-gnu/libdl-2.23.so
7fd97748c000-7fd97768b000 ---p 00003000 08:01 13636212                   /lib/x86_64-linux-gnu/libdl-2.23.so
7fd97768b000-7fd97768c000 r--p 00002000 08:01 13636212                   /lib/x86_64-linux-gnu/libdl-2.23.so
7fd97768c000-7fd97768d000 rw-p 00003000 08:01 13636212                   /lib/x86_64-linux-gnu/libdl-2.23.so
7fd97768d000-7fd9776a5000 r-xp 00000000 08:01 13636334                   /lib/x86_64-linux-gnu/libpthread-2.23.so
7fd9776a5000-7fd9778a4000 ---p 00018000 08:01 13636334                   /lib/x86_64-linux-gnu/libpthread-2.23.so
7fd9778a4000-7fd9778a5000 r--p 00017000 08:01 13636334                   /lib/x86_64-linux-gnu/libpthread-2.23.so
7fd9778a5000-7fd9778a6000 rw-p 00018000 08:01 13636334                   /lib/x86_64-linux-gnu/libpthread-2.23.so
7fd9778a6000-7fd9778aa000 rw-p 00000000 00:00 0 
7fd9778aa000-7fd9778d0000 r-xp 00000000 08:01 13636160                   /lib/x86_64-linux-gnu/ld-2.23.so
7fd9778d0000-7fd9778d1000 r--s 00001000 08:01 664760                     /home/lenovo/.gradle/wrapper/dists/gradle-5.4.1-all/3221gyojl5jsh0helicew7rwx/gradle-5.4.1/lib/native-platform-linux-i386-ncurses6-0.17.jar
7fd9778d1000-7fd9778d4000 r--s 0001c000 08:01 664722                     /home/lenovo/.gradle/wrapper/dists/gradle-5.4.1-all/3221gyojl5jsh0helicew7rwx/gradle-5.4.1/lib/fastutil-8.2.1-min.jar
7fd9778d4000-7fd9778d8000 r--s 00031000 08:01 664710                     /home/lenovo/.gradle/wrapper/dists/gradle-5.4.1-all/3221gyojl5jsh0helicew7rwx/gradle-5.4.1/lib/commons-io-2.6.jar
7fd9778d8000-7fd9778e5000 r--s 0006d000 08:01 664505                     /home/lenovo/.gradle/wrapper/dists/gradle-5.4.1-all/3221gyojl5jsh0helicew7rwx/gradle-5.4.1/lib/gradle-launcher-5.4.1.jar
7fd9778e5000-7fd97794c000 rw-p 00000000 00:00 0 
7fd97794c000-7fd977967000 r-xp 00000000 08:01 12191841                   /usr/local/android-studio/jre/jre/lib/amd64/libzip.so
7fd977967000-7fd977968000 rw-p 0001a000 08:01 12191841                   /usr/local/android-studio/jre/jre/lib/amd64/libzip.so
7fd977968000-7fd977992000 r-xp 00000000 08:01 12191840                   /usr/local/android-studio/jre/jre/lib/amd64/libjava.so
7fd977992000-7fd977994000 rw-p 0002a000 08:01 12191840                   /usr/local/android-studio/jre/jre/lib/amd64/libjava.so
7fd977994000-7fd977997000 ---p 00000000 00:00 0 
7fd977997000-7fd977a99000 rw-p 00000000 00:00 0 
7fd977a99000-7fd977aaf000 r-xp 00000000 08:01 12192705                   /usr/local/android-studio/jre/lib/amd64/jli/libjli.so
7fd977aaf000-7fd977ab0000 rw-p 00015000 08:01 12192705                   /usr/local/android-studio/jre/lib/amd64/jli/libjli.so
7fd977ab0000-7fd977ab1000 rw-p 00000000 00:00 0 
7fd977ab1000-7fd977ab3000 r--s 0001a000 08:01 664676                     /home/lenovo/.gradle/wrapper/dists/gradle-5.4.1-all/3221gyojl5jsh0helicew7rwx/gradle-5.4.1/lib/asm-7.0.jar
7fd977ab3000-7fd977ab5000 r--s 00009000 08:01 664715                     /home/lenovo/.gradle/wrapper/dists/gradle-5.4.1-all/3221gyojl5jsh0helicew7rwx/gradle-5.4.1/lib/slf4j-api-1.7.25.jar
7fd977ab5000-7fd977ab6000 r--s 00004000 08:01 664742                     /home/lenovo/.gradle/wrapper/dists/gradle-5.4.1-all/3221gyojl5jsh0helicew7rwx/gradle-5.4.1/lib/ant-launcher-1.9.13.jar
7fd977ab6000-7fd977abe000 rw-s 00000000 08:01 4194444                    /tmp/hsperfdata_lenovo/25789
7fd977abe000-7fd977abf000 rw-p 00000000 00:00 0 
7fd977abf000-7fd977ac0000 ---p 00000000 00:00 0 
7fd977ac0000-7fd977acd000 r-xp 00000000 08:01 12191526                   /usr/local/android-studio/jre/jre/lib/amd64/libverify.so
7fd977acd000-7fd977acf000 rw-p 0000c000 08:01 12191526                   /usr/local/android-studio/jre/jre/lib/amd64/libverify.so
7fd977acf000-7fd977ad0000 r--p 00025000 08:01 13636160                   /lib/x86_64-linux-gnu/ld-2.23.so
7fd977ad0000-7fd977ad1000 rw-p 00026000 08:01 13636160                   /lib/x86_64-linux-gnu/ld-2.23.so
7fd977ad1000-7fd977ad2000 rw-p 00000000 00:00 0 
7ffc417d9000-7ffc417fa000 rw-p 00000000 00:00 0                          [stack]
7ffc417fa000-7ffc417fd000 r--p 00000000 00:00 0                          [vvar]
7ffc417fd000-7ffc417ff000 r-xp 00000000 00:00 0                          [vdso]
ffffffffff600000-ffffffffff601000 r-xp 00000000 00:00 0                  [vsyscall]

VM Arguments:
jvm_args: -Xmx1536m -Dfile.encoding=UTF-8 -Duser.country=IN -Duser.language=en -Duser.variant 
java_command: org.gradle.launcher.daemon.bootstrap.GradleDaemon 5.4.1
java_class_path (initial): /home/lenovo/.gradle/wrapper/dists/gradle-5.4.1-all/3221gyojl5jsh0helicew7rwx/gradle-5.4.1/lib/gradle-launcher-5.4.1.jar
Launcher Type: SUN_STANDARD

Environment Variables:
PATH=/home/lenovo/bin:/home/lenovo/.local/bin:/usr/local/sbin:/usr/local/bin:/usr/sbin:/usr/bin:/sbin:/bin:/usr/games:/usr/local/games:/snap/bin
SHELL=/bin/bash
DISPLAY=:0

Signal Handlers:
SIGSEGV: [libjvm.so+0xa09650], sa_mask[0]=11111111011111111101111111111110, sa_flags=SA_RESTART|SA_SIGINFO
SIGBUS: [libjvm.so+0xa09650], sa_mask[0]=11111111011111111101111111111110, sa_flags=SA_RESTART|SA_SIGINFO
SIGFPE: [libjvm.so+0x86bc60], sa_mask[0]=11111111011111111101111111111110, sa_flags=SA_RESTART|SA_SIGINFO
SIGPIPE: [libjvm.so+0x86bc60], sa_mask[0]=11111111011111111101111111111110, sa_flags=SA_RESTART|SA_SIGINFO
SIGXFSZ: [libjvm.so+0x86bc60], sa_mask[0]=11111111011111111101111111111110, sa_flags=SA_RESTART|SA_SIGINFO
SIGILL: [libjvm.so+0x86bc60], sa_mask[0]=11111111011111111101111111111110, sa_flags=SA_RESTART|SA_SIGINFO
SIGUSR1: SIG_DFL, sa_mask[0]=00000000000000000000000000000000, sa_flags=none
SIGUSR2: [libjvm.so+0x86bb30], sa_mask[0]=00100000000000000000000000000000, sa_flags=SA_RESTART|SA_SIGINFO
SIGHUP: [libjvm.so+0x86bd20], sa_mask[0]=11111111011111111101111111111110, sa_flags=SA_RESTART|SA_SIGINFO
SIGINT: [libjvm.so+0x86bd20], sa_mask[0]=11111111011111111101111111111110, sa_flags=SA_RESTART|SA_SIGINFO
SIGTERM: [libjvm.so+0x86bd20], sa_mask[0]=11111111011111111101111111111110, sa_flags=SA_RESTART|SA_SIGINFO
SIGQUIT: [libjvm.so+0x86bd20], sa_mask[0]=11111111011111111101111111111110, sa_flags=SA_RESTART|SA_SIGINFO


---------------  S Y S T E M  ---------------

OS:DISTRIB_ID=Ubuntu
DISTRIB_RELEASE=16.04
DISTRIB_CODENAME=xenial
DISTRIB_DESCRIPTION="Ubuntu 16.04.6 LTS"

uname:Linux 4.15.0-65-generic #74~16.04.1-Ubuntu SMP Wed Sep 18 09:51:44 UTC 2019 x86_64
libc:glibc 2.23 NPTL 2.23 
rlimit: STACK 8192k, CORE 0k, NPROC 30474, NOFILE 1048576, AS infinity
load average:1.67 1.28 1.18

/proc/meminfo:
MemTotal:        7861868 kB
MemFree:          114860 kB
MemAvailable:      19584 kB
Buffers:             480 kB
Cached:           416336 kB
SwapCached:         8912 kB
Active:          6572108 kB
Inactive:         926460 kB
Active(anon):    6564532 kB
Inactive(anon):   915176 kB
Active(file):       7576 kB
Inactive(file):    11284 kB
Unevictable:         248 kB
Mlocked:             248 kB
SwapTotal:        998396 kB
SwapFree:              0 kB
Dirty:                44 kB
Writeback:             0 kB
AnonPages:       7074032 kB
Mapped:           250208 kB
Shmem:            397708 kB
Slab:             111128 kB
SReclaimable:      60040 kB
SUnreclaim:        51088 kB
KernelStack:       13792 kB
PageTables:        65364 kB
NFS_Unstable:          0 kB
Bounce:                0 kB
WritebackTmp:          0 kB
CommitLimit:     4929328 kB
Committed_AS:   13454556 kB
VmallocTotal:   34359738367 kB
VmallocUsed:           0 kB
VmallocChunk:          0 kB
HardwareCorrupted:     0 kB
AnonHugePages:         0 kB
ShmemHugePages:        0 kB
ShmemPmdMapped:        0 kB
CmaTotal:              0 kB
CmaFree:               0 kB
HugePages_Total:       0
HugePages_Free:        0
HugePages_Rsvd:        0
HugePages_Surp:        0
Hugepagesize:       2048 kB
DirectMap4k:      218304 kB
DirectMap2M:     7860224 kB

container (cgroup) information:
container_type: cgroupv1
cpu_cpuset_cpus: 0-3
cpu_memory_nodes: 0
active_processor_count: 4
cpu_quota: -1
cpu_period: 100000
cpu_shares: -1
memory_limit_in_bytes: -1
memory_and_swap_limit_in_bytes: -2
memory_soft_limit_in_bytes: -1
memory_usage_in_bytes: 7681011712
memory_max_usage_in_bytes: 11304960


CPU:total 4 (initial active 4) (2 cores per cpu, 2 threads per core) family 6 model 58 stepping 9, cmov, cx8, fxsr, mmx, sse, sse2, sse3, ssse3, sse4.1, sse4.2, popcnt, avx, aes, clmul, erms, ht, tsc, tscinvbit, tscinv

/proc/cpuinfo:
processor	: 0
vendor_id	: GenuineIntel
cpu family	: 6
model		: 58
model name	: Intel(R) Core(TM) i5-3320M CPU @ 2.60GHz
stepping	: 9
microcode	: 0x21
cpu MHz		: 3093.094
cache size	: 3072 KB
physical id	: 0
siblings	: 4
core id		: 0
cpu cores	: 2
apicid		: 0
initial apicid	: 0
fpu		: yes
fpu_exception	: yes
cpuid level	: 13
wp		: yes
flags		: fpu vme de pse tsc msr pae mce cx8 apic sep mtrr pge mca cmov pat pse36 clflush dts acpi mmx fxsr sse sse2 ss ht tm pbe syscall nx rdtscp lm constant_tsc arch_perfmon pebs bts rep_good nopl xtopology nonstop_tsc cpuid aperfmperf pni pclmulqdq dtes64 monitor ds_cpl vmx smx est tm2 ssse3 cx16 xtpr pdcm pcid sse4_1 sse4_2 x2apic popcnt tsc_deadline_timer aes xsave avx f16c rdrand lahf_lm cpuid_fault epb pti ssbd ibrs ibpb stibp tpr_shadow vnmi flexpriority ept vpid fsgsbase smep erms xsaveopt dtherm ida arat pln pts md_clear flush_l1d
bugs		: cpu_meltdown spectre_v1 spectre_v2 spec_store_bypass l1tf mds swapgs
bogomips	: 5188.38
clflush size	: 64
cache_alignment	: 64
address sizes	: 36 bits physical, 48 bits virtual
power management:

processor	: 1
vendor_id	: GenuineIntel
cpu family	: 6
model		: 58
model name	: Intel(R) Core(TM) i5-3320M CPU @ 2.60GHz
stepping	: 9
microcode	: 0x21
cpu MHz		: 3093.041
cache size	: 3072 KB
physical id	: 0
siblings	: 4
core id		: 0
cpu cores	: 2
apicid		: 1
initial apicid	: 1
fpu		: yes
fpu_exception	: yes
cpuid level	: 13
wp		: yes
flags		: fpu vme de pse tsc msr pae mce cx8 apic sep mtrr pge mca cmov pat pse36 clflush dts acpi mmx fxsr sse sse2 ss ht tm pbe syscall nx rdtscp lm constant_tsc arch_perfmon pebs bts rep_good nopl xtopology nonstop_tsc cpuid aperfmperf pni pclmulqdq dtes64 monitor ds_cpl vmx smx est tm2 ssse3 cx16 xtpr pdcm pcid sse4_1 sse4_2 x2apic popcnt tsc_deadline_timer aes xsave avx f16c rdrand lahf_lm cpuid_fault epb pti ssbd ibrs ibpb stibp tpr_shadow vnmi flexpriority ept vpid fsgsbase smep erms xsaveopt dtherm ida arat pln pts md_clear flush_l1d
bugs		: cpu_meltdown spectre_v1 spectre_v2 spec_store_bypass l1tf mds swapgs
bogomips	: 5188.38
clflush size	: 64
cache_alignment	: 64
address sizes	: 36 bits physical, 48 bits virtual
power management:

processor	: 2
vendor_id	: GenuineIntel
cpu family	: 6
model		: 58
model name	: Intel(R) Core(TM) i5-3320M CPU @ 2.60GHz
stepping	: 9
microcode	: 0x21
cpu MHz		: 3093.078
cache size	: 3072 KB
physical id	: 0
siblings	: 4
core id		: 1
cpu cores	: 2
apicid		: 2
initial apicid	: 2
fpu		: yes
fpu_exception	: yes
cpuid level	: 13
wp		: yes
flags		: fpu vme de pse tsc msr pae mce cx8 apic sep mtrr pge mca cmov pat pse36 clflush dts acpi mmx fxsr sse sse2 ss ht tm pbe syscall nx rdtscp lm constant_tsc arch_perfmon pebs bts rep_good nopl xtopology nonstop_tsc cpuid aperfmperf pni pclmulqdq dtes64 monitor ds_cpl vmx smx est tm2 ssse3 cx16 xtpr pdcm pcid sse4_1 sse4_2 x2apic popcnt tsc_deadline_timer aes xsave avx f16c rdrand lahf_lm cpuid_fault epb pti ssbd ibrs ibpb stibp tpr_shadow vnmi flexpriority ept vpid fsgsbase smep erms xsaveopt dtherm ida arat pln pts md_clear flush_l1d
bugs		: cpu_meltdown spectre_v1 spectre_v2 spec_store_bypass l1tf mds swapgs
bogomips	: 5188.38
clflush size	: 64
cache_alignment	: 64
address sizes	: 36 bits physical, 48 bits virtual
power management:

processor	: 3
vendor_id	: GenuineIntel
cpu family	: 6
model		: 58
model name	: Intel(R) Core(TM) i5-3320M CPU @ 2.60GHz
stepping	: 9
microcode	: 0x21
cpu MHz		: 3093.073
cache size	: 3072 KB
physical id	: 0
siblings	: 4
core id		: 1
cpu cores	: 2
apicid		: 3
initial apicid	: 3
fpu		: yes
fpu_exception	: yes
cpuid level	: 13
wp		: yes
flags		: fpu vme de pse tsc msr pae mce cx8 apic sep mtrr pge mca cmov pat pse36 clflush dts acpi mmx fxsr sse sse2 ss ht tm pbe syscall nx rdtscp lm constant_tsc arch_perfmon pebs bts rep_good nopl xtopology nonstop_tsc cpuid aperfmperf pni pclmulqdq dtes64 monitor ds_cpl vmx smx est tm2 ssse3 cx16 xtpr pdcm pcid sse4_1 sse4_2 x2apic popcnt tsc_deadline_timer aes xsave avx f16c rdrand lahf_lm cpuid_fault epb pti ssbd ibrs ibpb stibp tpr_shadow vnmi flexpriority ept vpid fsgsbase smep erms xsaveopt dtherm ida arat pln pts md_clear flush_l1d
bugs		: cpu_meltdown spectre_v1 spectre_v2 spec_store_bypass l1tf mds swapgs
bogomips	: 5188.38
clflush size	: 64
cache_alignment	: 64
address sizes	: 36 bits physical, 48 bits virtual
power management:



Memory: 4k page, physical 7861868k(105104k free), swap 998396k(0k free)

vm_info: OpenJDK 64-Bit Server VM (25.202-b49-5587405) for linux-amd64 JRE (1.8.0_202-release-1483-b49-5587405), built by "android-build" with gcc 4.8

time: Wed Oct  9 19:50:29 2019
timezone: IST
elapsed time: 6 seconds (0d 0h 0m 6s)

